Add Component: Footprint Not Found C 0603_L
Add Component: Footprint Not Found C 0603_L
Add Component: Footprint Not Found C 0603_L
Add Component: Footprint Not Found C 0603_L
Add Component: Footprint Not Found C 0603_L
Add Component: Footprint Not Found C 0603_L
Add Component: Footprint Not Found C 0603_L
Add Component: Footprint Not Found C 0603_L
Add Component: Footprint Not Found C 0603_L
Add Component: Footprint Not Found C 0603_L
Add Component: Footprint Not Found C 0603_L
Add Component: Footprint Not Found C 0603_L
Add Component: Footprint Not Found C 0603_L
Add Component: Footprint Not Found C 0603_L
Add Component: Footprint Not Found C 0603_L
Add Component: Footprint Not Found C 0603_L
Add Component: Footprint Not Found C 0603_L
Add Component: Footprint Not Found CAP-SMD_BD10.0-L10.3-W10.3-LS11.0-FD
Add Component: Footprint Not Found C 0603_L
Add Component: Footprint Not Found C 0603_L
Add Component: Footprint Not Found CAP-SMD_BD6.3-L6.6-W6.6-LS7.2-FD
Add Component: Footprint Not Found LED 0805G
Add Component: Footprint Not Found LED 0805G
Add Component: Footprint Not Found FU 1206
Add Component: Footprint Not Found FU 1206
Add Component: Footprint Not Found HDR-TH_8P-P2.00-V-M-R2-C4-S2.00-2
Add Component: Footprint Not Found AO3400A
Add Component: Footprint Not Found R 0603_L
Add Component: Footprint Not Found R 0603_L
Add Component: Footprint Not Found R 0603_L
Add Component: Footprint Not Found R 0603_L
Add Component: Footprint Not Found R 0603_L
Add Component: Footprint Not Found R 0603_L
Add Component: Footprint Not Found R 0603_L
Add Component: Footprint Not Found R 0603_L
Add Component: Footprint Not Found R 0603_L
Add Component: Footprint Not Found R 0603_L
Add Component: Footprint Not Found R 0603_L
Add Component: Footprint Not Found R 0603_L
Add Component: Footprint Not Found R 0603_L
Add Component: Footprint Not Found R 0603_L
Add Component: Footprint Not Found R 0603_L
Add Component: Footprint Not Found R 0603_L
Add Component: Footprint Not Found R 0603_L
Add Component: Footprint Not Found R 0603_L
Add Component: Footprint Not Found R 0603_L
Add Component: Footprint Not Found R 0603_L
Add Component: Footprint Not Found R 0603_L
Add Component: Footprint Not Found R 0603_L
Add Component: Footprint Not Found SMD-3.2*4.2
Add Component: Footprint Not Found RJ45-TH_HR911130A
Add Component: Footprint Not Found RJ45-TH_HR911130A
Add Component: Footprint Not Found RJ45-TH_HR911130A
Add Component: Footprint Not Found RJ45-TH_HR911130A
Add Component: Footprint Not Found RJ45-TH_HR911130A
Add Component: Footprint Not Found MQFN-88_L10.0-W10.0-P0.40-BL-EP8.5
Add Component: Footprint Not Found TO-252-3_L6.5-W5.8-P4.58-TL
Add Component: Footprint Not Found SOT-223_L6.5-W3.5-P2.30-LS7.0-BR
Add Component: Footprint Not Found TYPE-C-SMD_TYPE-C-6P
Add Component: Footprint Not Found OSC-SMD_4P-L3.2-W2.5-BL
Add Pin To Net: Unknown Pin: Pin C1-1
Add Pin To Net: Unknown Pin: Pin C1-2
Add Pin To Net: Unknown Pin: Pin C2-1
Add Pin To Net: Unknown Pin: Pin C2-2
Add Pin To Net: Unknown Pin: Pin C3-1
Add Pin To Net: Unknown Pin: Pin C3-2
Add Pin To Net: Unknown Pin: Pin C4-1
Add Pin To Net: Unknown Pin: Pin C4-2
Add Pin To Net: Unknown Pin: Pin C5-1
Add Pin To Net: Unknown Pin: Pin C5-2
Add Pin To Net: Unknown Pin: Pin C6-1
Add Pin To Net: Unknown Pin: Pin C6-2
Add Pin To Net: Unknown Pin: Pin C7-1
Add Pin To Net: Unknown Pin: Pin C7-2
Add Pin To Net: Unknown Pin: Pin C8-1
Add Pin To Net: Unknown Pin: Pin C8-2
Add Pin To Net: Unknown Pin: Pin C9-1
Add Pin To Net: Unknown Pin: Pin C9-2
Add Pin To Net: Unknown Pin: Pin C10-1
Add Pin To Net: Unknown Pin: Pin C10-2
Add Pin To Net: Unknown Pin: Pin C11-1
Add Pin To Net: Unknown Pin: Pin C11-2
Add Pin To Net: Unknown Pin: Pin C12-1
Add Pin To Net: Unknown Pin: Pin C12-2
Add Pin To Net: Unknown Pin: Pin C13-1
Add Pin To Net: Unknown Pin: Pin C13-2
Add Pin To Net: Unknown Pin: Pin C14-1
Add Pin To Net: Unknown Pin: Pin C14-2
Add Pin To Net: Unknown Pin: Pin C15-1
Add Pin To Net: Unknown Pin: Pin C15-2
Add Pin To Net: Unknown Pin: Pin C16-1
Add Pin To Net: Unknown Pin: Pin C16-2
Add Pin To Net: Unknown Pin: Pin C17-1
Add Pin To Net: Unknown Pin: Pin C17-2
Add Pin To Net: Unknown Pin: Pin C18-1
Add Pin To Net: Unknown Pin: Pin C18-2
Add Pin To Net: Unknown Pin: Pin C19-1
Add Pin To Net: Unknown Pin: Pin C19-2
Add Pin To Net: Unknown Pin: Pin C20-1
Add Pin To Net: Unknown Pin: Pin C20-2
Add Pin To Net: Unknown Pin: Pin C21-1
Add Pin To Net: Unknown Pin: Pin C21-2
Add Pin To Net: Unknown Pin: Pin D1-1
Add Pin To Net: Unknown Pin: Pin D1-2
Add Pin To Net: Unknown Pin: Pin D?-1
Add Pin To Net: Unknown Pin: Pin D?-2
Add Pin To Net: Unknown Pin: Pin F1-1
Add Pin To Net: Unknown Pin: Pin F1-2
Add Pin To Net: Unknown Pin: Pin F2-1
Add Pin To Net: Unknown Pin: Pin F2-2
Add Pin To Net: Unknown Pin: Pin H1-1
Add Pin To Net: Unknown Pin: Pin Q1-1
Add Pin To Net: Unknown Pin: Pin Q1-2
Add Pin To Net: Unknown Pin: Pin Q1-3
Add Pin To Net: Unknown Pin: Pin R1-1
Add Pin To Net: Unknown Pin: Pin R1-2
Add Pin To Net: Unknown Pin: Pin R2-1
Add Pin To Net: Unknown Pin: Pin R2-2
Add Pin To Net: Unknown Pin: Pin R3-1
Add Pin To Net: Unknown Pin: Pin R3-2
Add Pin To Net: Unknown Pin: Pin R4-1
Add Pin To Net: Unknown Pin: Pin R4-2
Add Pin To Net: Unknown Pin: Pin R5-1
Add Pin To Net: Unknown Pin: Pin R5-2
Add Pin To Net: Unknown Pin: Pin R6-1
Add Pin To Net: Unknown Pin: Pin R6-2
Add Pin To Net: Unknown Pin: Pin R7-1
Add Pin To Net: Unknown Pin: Pin R7-2
Add Pin To Net: Unknown Pin: Pin R8-1
Add Pin To Net: Unknown Pin: Pin R8-2
Add Pin To Net: Unknown Pin: Pin R9-1
Add Pin To Net: Unknown Pin: Pin R9-2
Add Pin To Net: Unknown Pin: Pin R10-1
Add Pin To Net: Unknown Pin: Pin R10-2
Add Pin To Net: Unknown Pin: Pin R11-1
Add Pin To Net: Unknown Pin: Pin R11-2
Add Pin To Net: Unknown Pin: Pin R12-1
Add Pin To Net: Unknown Pin: Pin R12-2
Add Pin To Net: Unknown Pin: Pin R13-1
Add Pin To Net: Unknown Pin: Pin R13-2
Add Pin To Net: Unknown Pin: Pin R14-1
Add Pin To Net: Unknown Pin: Pin R14-2
Add Pin To Net: Unknown Pin: Pin R15-1
Add Pin To Net: Unknown Pin: Pin R15-2
Add Pin To Net: Unknown Pin: Pin R16-1
Add Pin To Net: Unknown Pin: Pin R16-2
Add Pin To Net: Unknown Pin: Pin R17-1
Add Pin To Net: Unknown Pin: Pin R17-2
Add Pin To Net: Unknown Pin: Pin R18-1
Add Pin To Net: Unknown Pin: Pin R18-2
Add Pin To Net: Unknown Pin: Pin R19-1
Add Pin To Net: Unknown Pin: Pin R19-2
Add Pin To Net: Unknown Pin: Pin R20-1
Add Pin To Net: Unknown Pin: Pin R20-2
Add Pin To Net: Unknown Pin: Pin R21-1
Add Pin To Net: Unknown Pin: Pin R21-2
Add Pin To Net: Unknown Pin: Pin R22-1
Add Pin To Net: Unknown Pin: Pin R22-2
Add Pin To Net: Unknown Pin: Pin RESET-1
Add Pin To Net: Unknown Pin: Pin RESET-2
Add Pin To Net: Unknown Pin: Pin RJ1-P1
Add Pin To Net: Unknown Pin: Pin RJ1-P10
Add Pin To Net: Unknown Pin: Pin RJ1-SHIELD0
Add Pin To Net: Unknown Pin: Pin RJ1-SHIELD1
Add Pin To Net: Unknown Pin: Pin RJ2-P1
Add Pin To Net: Unknown Pin: Pin RJ2-P10
Add Pin To Net: Unknown Pin: Pin RJ2-SHIELD0
Add Pin To Net: Unknown Pin: Pin RJ2-SHIELD1
Add Pin To Net: Unknown Pin: Pin RJ3-P1
Add Pin To Net: Unknown Pin: Pin RJ3-P10
Add Pin To Net: Unknown Pin: Pin RJ3-SHIELD0
Add Pin To Net: Unknown Pin: Pin RJ3-SHIELD1
Add Pin To Net: Unknown Pin: Pin RJ4-P1
Add Pin To Net: Unknown Pin: Pin RJ4-P10
Add Pin To Net: Unknown Pin: Pin RJ4-SHIELD0
Add Pin To Net: Unknown Pin: Pin RJ4-SHIELD1
Add Pin To Net: Unknown Pin: Pin RJ5-P1
Add Pin To Net: Unknown Pin: Pin RJ5-P10
Add Pin To Net: Unknown Pin: Pin RJ5-SHIELD0
Add Pin To Net: Unknown Pin: Pin RJ5-SHIELD1
Add Pin To Net: Unknown Pin: Pin U1-5
Add Pin To Net: Unknown Pin: Pin U1-10
Add Pin To Net: Unknown Pin: Pin U1-15
Add Pin To Net: Unknown Pin: Pin U1-20
Add Pin To Net: Unknown Pin: Pin U1-25
Add Pin To Net: Unknown Pin: Pin U1-30
Add Pin To Net: Unknown Pin: Pin U1-35
Add Pin To Net: Unknown Pin: Pin U1-36
Add Pin To Net: Unknown Pin: Pin U1-37
Add Pin To Net: Unknown Pin: Pin U1-38
Add Pin To Net: Unknown Pin: Pin U1-40
Add Pin To Net: Unknown Pin: Pin U1-41
Add Pin To Net: Unknown Pin: Pin U1-42
Add Pin To Net: Unknown Pin: Pin U1-47
Add Pin To Net: Unknown Pin: Pin U1-52
Add Pin To Net: Unknown Pin: Pin U1-53
Add Pin To Net: Unknown Pin: Pin U1-60
Add Pin To Net: Unknown Pin: Pin U1-61
Add Pin To Net: Unknown Pin: Pin U1-62
Add Pin To Net: Unknown Pin: Pin U1-63
Add Pin To Net: Unknown Pin: Pin U1-64
Add Pin To Net: Unknown Pin: Pin U1-65
Add Pin To Net: Unknown Pin: Pin U1-66
Add Pin To Net: Unknown Pin: Pin U1-67
Add Pin To Net: Unknown Pin: Pin U1-68
Add Pin To Net: Unknown Pin: Pin U1-69
Add Pin To Net: Unknown Pin: Pin U1-70
Add Pin To Net: Unknown Pin: Pin U1-71
Add Pin To Net: Unknown Pin: Pin U1-72
Add Pin To Net: Unknown Pin: Pin U1-73
Add Pin To Net: Unknown Pin: Pin U1-74
Add Pin To Net: Unknown Pin: Pin U1-75
Add Pin To Net: Unknown Pin: Pin U1-77
Add Pin To Net: Unknown Pin: Pin U1-81
Add Pin To Net: Unknown Pin: Pin U1-83
Add Pin To Net: Unknown Pin: Pin U1-88
Add Pin To Net: Unknown Pin: Pin U1-89
Add Pin To Net: Unknown Pin: Pin U2-1
Add Pin To Net: Unknown Pin: Pin U2-2
Add Pin To Net: Unknown Pin: Pin U2-3
Add Pin To Net: Unknown Pin: Pin U3-1
Add Pin To Net: Unknown Pin: Pin U3-2
Add Pin To Net: Unknown Pin: Pin U3-3
Add Pin To Net: Unknown Pin: Pin U3-4
Add Pin To Net: Unknown Pin: Pin USB1-7
Add Pin To Net: Unknown Pin: Pin USB1-A5
Add Pin To Net: Unknown Pin: Pin USB1-A9
Add Pin To Net: Unknown Pin: Pin USB1-A12
Add Pin To Net: Unknown Pin: Pin USB1-B5
Add Pin To Net: Unknown Pin: Pin USB1-B9
Add Pin To Net: Unknown Pin: Pin USB1-B12
Add Pin To Net: Unknown Pin: Pin X1-1
Add Pin To Net: Unknown Pin: Pin X1-2
Add Pin To Net: Unknown Pin: Pin X1-3
Add Pin To Net: Unknown Pin: Pin X1-4
Add Class Member: Failed to add class member : Component C1 C 0603_L
Add Class Member: Failed to add class member : Component C2 C 0603_L
Add Class Member: Failed to add class member : Component C3 C 0603_L
Add Class Member: Failed to add class member : Component C4 C 0603_L
Add Class Member: Failed to add class member : Component C5 C 0603_L
Add Class Member: Failed to add class member : Component C6 C 0603_L
Add Class Member: Failed to add class member : Component C7 C 0603_L
Add Class Member: Failed to add class member : Component C8 C 0603_L
Add Class Member: Failed to add class member : Component C9 C 0603_L
Add Class Member: Failed to add class member : Component C10 C 0603_L
Add Class Member: Failed to add class member : Component C11 C 0603_L
Add Class Member: Failed to add class member : Component C12 C 0603_L
Add Class Member: Failed to add class member : Component C13 C 0603_L
Add Class Member: Failed to add class member : Component C14 C 0603_L
Add Class Member: Failed to add class member : Component C15 C 0603_L
Add Class Member: Failed to add class member : Component C16 C 0603_L
Add Class Member: Failed to add class member : Component C17 C 0603_L
Add Class Member: Failed to add class member : Component C18 SMD,10x10.2mm 220uF
Add Class Member: Failed to add class member : Component C19 C 0603_L
Add Class Member: Failed to add class member : Component C20 C 0603_L
Add Class Member: Failed to add class member : Component C21 SDM£¬6.3x5.4mm 100uF
Add Class Member: Failed to add class member : Component D1 805
Add Class Member: Failed to add class member : Component D? 805
Add Class Member: Failed to add class member : Component F1 1206
Add Class Member: Failed to add class member : Component F2 1206
Add Class Member: Failed to add class member : Component H1 2.45mm£¬2x4P
Add Class Member: Failed to add class member : Component Q1 SOT-23 30V 5.2A
Add Class Member: Failed to add class member : Component R1 603
Add Class Member: Failed to add class member : Component R2 603
Add Class Member: Failed to add class member : Component R3 603
Add Class Member: Failed to add class member : Component R4 603
Add Class Member: Failed to add class member : Component R5 603
Add Class Member: Failed to add class member : Component R6 603
Add Class Member: Failed to add class member : Component R7 603
Add Class Member: Failed to add class member : Component R8 603
Add Class Member: Failed to add class member : Component R9 603
Add Class Member: Failed to add class member : Component R10 603
Add Class Member: Failed to add class member : Component R11 603
Add Class Member: Failed to add class member : Component R12 603
Add Class Member: Failed to add class member : Component R13 603
Add Class Member: Failed to add class member : Component R14 603
Add Class Member: Failed to add class member : Component R15 603
Add Class Member: Failed to add class member : Component R16 603
Add Class Member: Failed to add class member : Component R17 603
Add Class Member: Failed to add class member : Component R18 603
Add Class Member: Failed to add class member : Component R19 603
Add Class Member: Failed to add class member : Component R20 603
Add Class Member: Failed to add class member : Component R21 603
Add Class Member: Failed to add class member : Component R22 603
Add Class Member: Failed to add class member : Component RESET SMD£¬3.3 x 4.2 x 2.5mm
Add Class Member: Failed to add class member : Component RJ1 HR911130A
Add Class Member: Failed to add class member : Component RJ2 HR911130A
Add Class Member: Failed to add class member : Component RJ3 HR911130A
Add Class Member: Failed to add class member : Component RJ4 HR911130A
Add Class Member: Failed to add class member : Component RJ5 HR911130A
Add Class Member: Failed to add class member : Component U1 RTL8367N-VB-CG
Add Class Member: Failed to add class member : Component U2 UZ1084G-3.3V-TN3-R
Add Class Member: Failed to add class member : Component U3 AP7361-10ER-13
Add Class Member: Failed to add class member : Component USB1 SMD
Add Class Member: Failed to add class member : Component X1 SMD3225-4P 25Mhz
Added Room: Name=Sheet1
