Remove Pin=H1-3 From Net=UART_TX
Remove Pin=H1-5 From Net=UART_RX
Remove Pin=H1-7 From Net=VCC5V
Remove Pin=RJ1-P2 From Net=PHY0_MDIA_P
Remove Pin=RJ1-P3 From Net=PHY0_MDIA_N
Remove Pin=RJ1-P4 From Net=PHY0_MDIB_P
Remove Pin=RJ1-P5 From Net=PHY0_MDIC_P
Remove Pin=RJ1-P6 From Net=PHY0_MDIC_N
Remove Pin=RJ1-P7 From Net=PHY0_MDIB_N
Remove Pin=RJ1-P8 From Net=PHY0_MDID_P
Remove Pin=RJ1-P9 From Net=PHY0_MDID_N
Remove Pin=RJ2-P2 From Net=PHY1_MDIA_P
Remove Pin=RJ2-P3 From Net=PHY1_MDIA_N
Remove Pin=RJ2-P4 From Net=PHY1_MDIB_P
Remove Pin=RJ2-P5 From Net=PHY1_MDIC_P
Remove Pin=RJ2-P6 From Net=PHY1_MDIC_N
Remove Pin=RJ2-P7 From Net=PHY1_MDIB_N
Remove Pin=RJ2-P8 From Net=PHY1_MDID_P
Remove Pin=RJ2-P9 From Net=PHY1_MDID_N
Remove Pin=RJ3-P2 From Net=PHY2_MDIA_P
Remove Pin=RJ3-P3 From Net=PHY2_MDIA_N
Remove Pin=RJ3-P4 From Net=PHY2_MDIB_P
Remove Pin=RJ3-P5 From Net=PHY2_MDIC_P
Remove Pin=RJ3-P6 From Net=PHY2_MDIC_N
Remove Pin=RJ3-P7 From Net=PHY2_MDIB_N
Remove Pin=RJ3-P8 From Net=PHY2_MDID_P
Remove Pin=RJ3-P9 From Net=PHY2_MDID_N
Remove Pin=RJ4-P2 From Net=PHY3_MDIA_P
Remove Pin=RJ4-P3 From Net=PHY3_MDIA_N
Remove Pin=RJ4-P4 From Net=PHY3_MDIB_P
Remove Pin=RJ4-P5 From Net=PHY3_MDIC_P
Remove Pin=RJ4-P6 From Net=PHY3_MDIC_N
Remove Pin=RJ4-P7 From Net=PHY3_MDIB_N
Remove Pin=RJ4-P8 From Net=PHY3_MDID_P
Remove Pin=RJ4-P9 From Net=PHY3_MDID_N
Remove Pin=RJ5-P2 From Net=PHY4_MDIA_N
Remove Pin=RJ5-P3 From Net=PHY4_MDIA_P
Remove Pin=RJ5-P4 From Net=PHY4_MDIB_N
Remove Pin=RJ5-P5 From Net=PHY4_MDIC_N
Remove Pin=RJ5-P6 From Net=PHY4_MDIC_P
Remove Pin=RJ5-P7 From Net=PHY4_MDIB_P
Remove Pin=RJ5-P8 From Net=PHY4_MDID_N
Remove Pin=RJ5-P9 From Net=PHY4_MDID_P
Remove Pin=U1-1 From Net=PHY0_MDIC_P
Remove Pin=U1-2 From Net=PHY0_MDIC_N
Remove Pin=U1-3 From Net=PHY0_MDID_P
Remove Pin=U1-4 From Net=PHY0_MDID_N
Remove Pin=U1-6 From Net=PHY1_MDIA_P
Remove Pin=U1-7 From Net=PHY1_MDIA_N
Remove Pin=U1-8 From Net=PHY1_MDIB_P
Remove Pin=U1-9 From Net=PHY1_MDIB_N
Remove Pin=U1-11 From Net=PHY1_MDIC_P
Remove Pin=U1-12 From Net=PHY1_MDIC_N
Remove Pin=U1-13 From Net=PHY1_MDID_P
Remove Pin=U1-14 From Net=PHY1_MDID_N
Remove Pin=U1-16 From Net=PHY2_MDIA_P
Remove Pin=U1-17 From Net=PHY2_MDIA_N
Remove Pin=U1-18 From Net=PHY2_MDIB_P
Remove Pin=U1-19 From Net=PHY2_MDIB_N
Remove Pin=U1-21 From Net=PHY2_MDIC_P
Remove Pin=U1-22 From Net=PHY2_MDIC_N
Remove Pin=U1-23 From Net=PHY2_MDID_P
Remove Pin=U1-24 From Net=PHY2_MDID_N
Remove Pin=U1-26 From Net=PHY3_MDIA_P
Remove Pin=U1-27 From Net=PHY3_MDIA_N
Remove Pin=U1-28 From Net=PHY3_MDIB_P
Remove Pin=U1-29 From Net=PHY3_MDIB_N
Remove Pin=U1-31 From Net=PHY3_MDIC_P
Remove Pin=U1-32 From Net=PHY3_MDIC_N
Remove Pin=U1-33 From Net=PHY3_MDID_P
Remove Pin=U1-34 From Net=PHY3_MDID_N
Remove Pin=U1-43 From Net=PHY4_MDIA_P
Remove Pin=U1-44 From Net=PHY4_MDIA_N
Remove Pin=U1-45 From Net=PHY4_MDIB_P
Remove Pin=U1-46 From Net=PHY4_MDIB_N
Remove Pin=U1-48 From Net=PHY4_MDIC_P
Remove Pin=U1-49 From Net=PHY4_MDIC_N
Remove Pin=U1-50 From Net=PHY4_MDID_P
Remove Pin=U1-51 From Net=PHY4_MDID_N
Remove Pin=U1-54 From Net=UART_RX
Remove Pin=U1-55 From Net=UART_TX
Remove Pin=U1-78 From Net=XTALO
Remove Pin=U1-79 From Net=XTALI
Remove Pin=U1-80 From Net=RESET
Remove Pin=U1-84 From Net=PHY0_MDIA_P
Remove Pin=U1-85 From Net=PHY0_MDIA_N
Remove Pin=U1-86 From Net=PHY0_MDIB_P
Remove Pin=U1-87 From Net=PHY0_MDIB_N
