Change Component Comment: Designator=0 Old Comment=MX_SW New Comment=Comment
Change Component Comment: Designator=1 Old Comment=MX_SW New Comment=Comment
Change Component Comment: Designator=2 Old Comment=MX_SW New Comment=Comment
Change Component Comment: Designator=3 Old Comment=MX_SW New Comment=Comment
Change Component Comment: Designator=4 Old Comment=MX_SW New Comment=Comment
Change Component Comment: Designator=5 Old Comment=MX_SW New Comment=Comment
Change Component Comment: Designator=6 Old Comment=MX_SW New Comment=Comment
Change Component Comment: Designator=7 Old Comment=MX_SW New Comment=Comment
Change Component Comment: Designator=8 Old Comment=MX_SW New Comment=Comment
Change Component Comment: Designator=9 Old Comment=MX_SW New Comment=Comment
Change Component Comment: Designator=' Old Comment=MX_SW New Comment=Comment
Change Component Comment: Designator=, Old Comment=MX_SW New Comment=Comment
Change Component Comment: Designator=- Old Comment=MX_SW New Comment=Comment
Change Component Comment: Designator=. Old Comment=MX_SW New Comment=Comment
Change Component Comment: Designator=/ Old Comment=MX_SW New Comment=Comment
Change Component Comment: Designator=; Old Comment=MX_SW New Comment=Comment
Change Component Comment: Designator=[ Old Comment=MX_SW New Comment=Comment
Change Component Comment: Designator=\ Old Comment=MX_SW New Comment=Comment
Change Component Comment: Designator=] Old Comment=MX_SW New Comment=Comment
Change Component Comment: Designator=A Old Comment=MX_SW New Comment=Comment
Change Component Comment: Designator=B Old Comment=MX_SW New Comment=Comment
Change Component Comment: Designator=BACK Old Comment=MX_SW New Comment=Comment
Change Component Comment: Designator=C Old Comment=MX_SW New Comment=Comment
Change Component Comment: Designator=CAPS Old Comment=MX_SW New Comment=Comment
Change Component Comment: Designator=D Old Comment=MX_SW New Comment=Comment
Change Component Comment: Designator=DEL Old Comment=MX_SW New Comment=Comment
Change Component Comment: Designator=DOWN Old Comment=MX_SW New Comment=Comment
Change Component Comment: Designator=E Old Comment=MX_SW New Comment=Comment
Change Component Comment: Designator=END Old Comment=MX_SW New Comment=Comment
Change Component Comment: Designator=ENTER Old Comment=MX_SW New Comment=Comment
Change Component Comment: Designator=ESC Old Comment=MX_SW New Comment=Comment
Change Component Comment: Designator=F1 Old Comment=MX_SW New Comment=Comment
Change Component Comment: Designator=F2 Old Comment=MX_SW New Comment=Comment
Change Component Comment: Designator=F3 Old Comment=MX_SW New Comment=Comment
Change Component Comment: Designator=F4 Old Comment=MX_SW New Comment=Comment
Change Component Comment: Designator=F5 Old Comment=MX_SW New Comment=Comment
Change Component Comment: Designator=F6 Old Comment=MX_SW New Comment=Comment
Change Component Comment: Designator=F7 Old Comment=MX_SW New Comment=Comment
Change Component Comment: Designator=F8 Old Comment=MX_SW New Comment=Comment
Change Component Comment: Designator=F9 Old Comment=MX_SW New Comment=Comment
Change Component Comment: Designator=F10 Old Comment=MX_SW New Comment=Comment
Change Component Comment: Designator=F11 Old Comment=MX_SW New Comment=Comment
Change Component Comment: Designator=F12 Old Comment=MX_SW New Comment=Comment
Change Component Comment: Designator=F Old Comment=MX_SW New Comment=Comment
Change Component Comment: Designator=FN Old Comment=MX_SW New Comment=Comment
Change Component Comment: Designator=G Old Comment=MX_SW New Comment=Comment
Change Component Comment: Designator=H Old Comment=MX_SW New Comment=Comment
Change Component Comment: Designator=HOME Old Comment=MX_SW New Comment=Comment
Change Component Comment: Designator=I Old Comment=MX_SW New Comment=Comment
Change Component Comment: Designator=INS Old Comment=MX_SW New Comment=Comment
Change Component Comment: Designator=J Old Comment=MX_SW New Comment=Comment
Change Component Comment: Designator=K Old Comment=MX_SW New Comment=Comment
Change Component Comment: Designator=L Old Comment=MX_SW New Comment=Comment
Change Component Comment: Designator=LALT Old Comment=MX_SW New Comment=Comment
Change Component Comment: Designator=LCTRL Old Comment=MX_SW New Comment=Comment
Change Component Comment: Designator=LSHIFT Old Comment=MX_SW New Comment=Comment
Change Component Comment: Designator=M Old Comment=MX_SW New Comment=Comment
Change Component Comment: Designator=MENU Old Comment=MX_SW New Comment=Comment
Change Component Comment: Designator=N0 Old Comment=MX_SW New Comment=Comment
Change Component Comment: Designator=N1 Old Comment=MX_SW New Comment=Comment
Change Component Comment: Designator=N2 Old Comment=MX_SW New Comment=Comment
Change Component Comment: Designator=N3 Old Comment=MX_SW New Comment=Comment
Change Component Comment: Designator=N4 Old Comment=MX_SW New Comment=Comment
Change Component Comment: Designator=N5 Old Comment=MX_SW New Comment=Comment
Change Component Comment: Designator=N6 Old Comment=MX_SW New Comment=Comment
Change Component Comment: Designator=N7 Old Comment=MX_SW New Comment=Comment
Change Component Comment: Designator=N8 Old Comment=MX_SW New Comment=Comment
Change Component Comment: Designator=N9 Old Comment=MX_SW New Comment=Comment
Change Component Comment: Designator=N* Old Comment=MX_SW New Comment=Comment
Change Component Comment: Designator=N- Old Comment=MX_SW New Comment=Comment
Change Component Comment: Designator=N/ Old Comment=MX_SW New Comment=Comment
Change Component Comment: Designator=N Old Comment=MX_SW New Comment=Comment
Change Component Comment: Designator=NDOT Old Comment=MX_SW New Comment=Comment
Change Component Comment: Designator=NENTER Old Comment=MX_SW New Comment=Comment
Change Component Comment: Designator=NPLUS Old Comment=MX_SW New Comment=Comment
Change Component Comment: Designator=NUMLOCK Old Comment=MX_SW New Comment=Comment
Change Component Comment: Designator=O Old Comment=MX_SW New Comment=Comment
Change Component Comment: Designator=P Old Comment=MX_SW New Comment=Comment
Change Component Comment: Designator=PAUSE Old Comment=MX_SW New Comment=Comment
Change Component Comment: Designator=PGDN Old Comment=MX_SW New Comment=Comment
Change Component Comment: Designator=PGUP Old Comment=MX_SW New Comment=Comment
Change Component Comment: Designator=PRTSC Old Comment=MX_SW New Comment=Comment
Change Component Comment: Designator=Q Old Comment=MX_SW New Comment=Comment
Change Component Comment: Designator=R Old Comment=MX_SW New Comment=Comment
Change Component Comment: Designator=RALT Old Comment=MX_SW New Comment=Comment
Change Component Comment: Designator=RIGHT Old Comment=MX_SW New Comment=Comment
Change Component Comment: Designator=RSHIFT Old Comment=MX_SW New Comment=Comment
Change Component Comment: Designator=S Old Comment=MX_SW New Comment=Comment
Change Component Comment: Designator=SCRLK Old Comment=MX_SW New Comment=Comment
Change Component Comment: Designator=SPACE Old Comment=MX_SW New Comment=Comment
Change Component Comment: Designator=SUPER Old Comment=MX_SW New Comment=Comment
Change Component Comment: Designator=T Old Comment=MX_SW New Comment=Comment
Change Component Comment: Designator=TAB Old Comment=MX_SW New Comment=Comment
Change Component Comment: Designator=U Old Comment=MX_SW New Comment=Comment
Change Component Comment: Designator=UP Old Comment=MX_SW New Comment=Comment
Change Component Comment: Designator=V Old Comment=MX_SW New Comment=Comment
Change Component Comment: Designator=W Old Comment=MX_SW New Comment=Comment
Change Component Comment: Designator=X Old Comment=MX_SW New Comment=Comment
Change Component Comment: Designator=Y Old Comment=MX_SW New Comment=Comment
Change Component Comment: Designator=Z Old Comment=MX_SW New Comment=Comment
Change Component Comment: Designator=~ Old Comment=MX_SW New Comment=Comment
