Change Component Comment : Designator=MCU Old Comment=Comment New Comment=ATMEGA32U4-AU
Change Component Comment : Designator=< Old Comment=Comment New Comment=Cheery MX ÈÈ°Î²åÖá
Change Component Comment : Designator=A Old Comment=Comment New Comment=Cheery MX ÈÈ°Î²åÖá
Change Component Comment : Designator=ALT_L Old Comment=Comment New Comment=Cheery MX ÈÈ°Î²åÖá
Change Component Comment : Designator=B Old Comment=Comment New Comment=Cheery MX ÈÈ°Î²åÖá
Change Component Comment : Designator=C Old Comment=Comment New Comment=Cheery MX ÈÈ°Î²åÖá
Change Component Comment : Designator=CAPSLK Old Comment=Comment New Comment=Cheery MX ÈÈ°Î²åÖá
Change Component Comment : Designator=CTRL_L Old Comment=Comment New Comment=Cheery MX ÈÈ°Î²åÖá
Change Component Comment : Designator=D Old Comment=Comment New Comment=Cheery MX ÈÈ°Î²åÖá
Change Component Comment : Designator=DOWN Old Comment=Comment New Comment=Cheery MX ÈÈ°Î²åÖá
Change Component Comment : Designator=E Old Comment=Comment New Comment=Cheery MX ÈÈ°Î²åÖá
Change Component Comment : Designator=ENTER Old Comment=Comment New Comment=Cheery MX ÈÈ°Î²åÖá
Change Component Comment : Designator=ESC Old Comment=Comment New Comment=Cheery MX ÈÈ°Î²åÖá
Change Component Comment : Designator=F Old Comment=Comment New Comment=Cheery MX ÈÈ°Î²åÖá
Change Component Comment : Designator=G Old Comment=Comment New Comment=Cheery MX ÈÈ°Î²åÖá
Change Component Comment : Designator=H Old Comment=Comment New Comment=Cheery MX ÈÈ°Î²åÖá
Change Component Comment : Designator=I Old Comment=Comment New Comment=Cheery MX ÈÈ°Î²åÖá
Change Component Comment : Designator=J Old Comment=Comment New Comment=Cheery MX ÈÈ°Î²åÖá
Change Component Comment : Designator=K Old Comment=Comment New Comment=Cheery MX ÈÈ°Î²åÖá
Change Component Comment : Designator=L Old Comment=Comment New Comment=Cheery MX ÈÈ°Î²åÖá
Change Component Comment : Designator=LIFT Old Comment=Comment New Comment=Cheery MX ÈÈ°Î²åÖá
Change Component Comment : Designator=M Old Comment=Comment New Comment=Cheery MX ÈÈ°Î²åÖá
Change Component Comment : Designator=N Old Comment=Comment New Comment=Cheery MX ÈÈ°Î²åÖá
Change Component Comment : Designator=O Old Comment=Comment New Comment=Cheery MX ÈÈ°Î²åÖá
Change Component Comment : Designator=P Old Comment=Comment New Comment=Cheery MX ÈÈ°Î²åÖá
Change Component Comment : Designator=Q Old Comment=Comment New Comment=Cheery MX ÈÈ°Î²åÖá
Change Component Comment : Designator=R Old Comment=Comment New Comment=Cheery MX ÈÈ°Î²åÖá
Change Component Comment : Designator=RIGHT Old Comment=Comment New Comment=Cheery MX ÈÈ°Î²åÖá
Change Component Comment : Designator=S Old Comment=Comment New Comment=Cheery MX ÈÈ°Î²åÖá
Change Component Comment : Designator=SHIFT_L Old Comment=Comment New Comment=Cheery MX ÈÈ°Î²åÖá
Change Component Comment : Designator=SHIFT_R Old Comment=Comment New Comment=Cheery MX ÈÈ°Î²åÖá
Change Component Comment : Designator=SPACE_L Old Comment=Comment New Comment=Cheery MX ÈÈ°Î²åÖá
Change Component Comment : Designator=SPACE_R Old Comment=Comment New Comment=Cheery MX ÈÈ°Î²åÖá
Change Component Comment : Designator=T Old Comment=Comment New Comment=Cheery MX ÈÈ°Î²åÖá
Change Component Comment : Designator=U Old Comment=Comment New Comment=Cheery MX ÈÈ°Î²åÖá
Change Component Comment : Designator=UP Old Comment=Comment New Comment=Cheery MX ÈÈ°Î²åÖá
Change Component Comment : Designator=V Old Comment=Comment New Comment=Cheery MX ÈÈ°Î²åÖá
Change Component Comment : Designator=W Old Comment=Comment New Comment=Cheery MX ÈÈ°Î²åÖá
Change Component Comment : Designator=WIN Old Comment=Comment New Comment=Cheery MX ÈÈ°Î²åÖá
Change Component Comment : Designator=X Old Comment=Comment New Comment=Cheery MX ÈÈ°Î²åÖá
Change Component Comment : Designator=Y Old Comment=Comment New Comment=Cheery MX ÈÈ°Î²åÖá
Change Component Comment : Designator=Z Old Comment=Comment New Comment=Cheery MX ÈÈ°Î²åÖá
Change Component Comment : Designator=| Old Comment=Comment New Comment=Cheery MX ÈÈ°Î²åÖá
Change Component Comment : Designator=USB1 Old Comment=Comment New Comment=USB-TYPE-C-018
Added Component: Designator=C1(C 0603_L)
Add component (AddParameter): Name = "LatestRevisionDate"; Value = "17-Jul-2002"; VariantName = "[No Variations]"
Add component (AddParameter): Name = "LatestRevisionNote"; Value = "Re-released for DXP Platform."; VariantName = "[No Variations]"
Add component (AddParameter): Name = "PackageDescription"; Value = "Radial Cap, Thru-Hole; 2 Leads; 0.3 in Pin Spacing"; VariantName = "[No Variations]"
Add component (AddParameter): Name = "PackageReference"; Value = "RAD-0.3"; VariantName = "[No Variations]"
Add component (AddParameter): Name = "Published"; Value = "8-Jun-2000"; VariantName = "[No Variations]"
Add component (AddParameter): Name = "Publisher"; Value = "Altium Limited"; VariantName = "[No Variations]"
Add component (AddParameter): Name = "Value"; Value = "20pF"; VariantName = "[No Variations]"
Added Component: Designator=C2(C 0603_L)
Add component (AddParameter): Name = "LatestRevisionDate"; Value = "17-Jul-2002"; VariantName = "[No Variations]"
Add component (AddParameter): Name = "LatestRevisionNote"; Value = "Re-released for DXP Platform."; VariantName = "[No Variations]"
Add component (AddParameter): Name = "PackageDescription"; Value = "Radial Cap, Thru-Hole; 2 Leads; 0.3 in Pin Spacing"; VariantName = "[No Variations]"
Add component (AddParameter): Name = "PackageReference"; Value = "RAD-0.3"; VariantName = "[No Variations]"
Add component (AddParameter): Name = "Published"; Value = "8-Jun-2000"; VariantName = "[No Variations]"
Add component (AddParameter): Name = "Publisher"; Value = "Altium Limited"; VariantName = "[No Variations]"
Add component (AddParameter): Name = "Value"; Value = "20pF"; VariantName = "[No Variations]"
Added Component: Designator=C3(C 0603_L)
Add component (AddParameter): Name = "LatestRevisionDate"; Value = "17-Jul-2002"; VariantName = "[No Variations]"
Add component (AddParameter): Name = "LatestRevisionNote"; Value = "Re-released for DXP Platform."; VariantName = "[No Variations]"
Add component (AddParameter): Name = "PackageDescription"; Value = "Radial Cap, Thru-Hole; 2 Leads; 0.3 in Pin Spacing"; VariantName = "[No Variations]"
Add component (AddParameter): Name = "PackageReference"; Value = "RAD-0.3"; VariantName = "[No Variations]"
Add component (AddParameter): Name = "Published"; Value = "8-Jun-2000"; VariantName = "[No Variations]"
Add component (AddParameter): Name = "Publisher"; Value = "Altium Limited"; VariantName = "[No Variations]"
Add component (AddParameter): Name = "Value"; Value = "0.1uF"; VariantName = "[No Variations]"
Added Component: Designator=C4(C 0603_L)
Add component (AddParameter): Name = "LatestRevisionDate"; Value = "17-Jul-2002"; VariantName = "[No Variations]"
Add component (AddParameter): Name = "LatestRevisionNote"; Value = "Re-released for DXP Platform."; VariantName = "[No Variations]"
Add component (AddParameter): Name = "PackageDescription"; Value = "Radial Cap, Thru-Hole; 2 Leads; 0.3 in Pin Spacing"; VariantName = "[No Variations]"
Add component (AddParameter): Name = "PackageReference"; Value = "RAD-0.3"; VariantName = "[No Variations]"
Add component (AddParameter): Name = "Published"; Value = "8-Jun-2000"; VariantName = "[No Variations]"
Add component (AddParameter): Name = "Publisher"; Value = "Altium Limited"; VariantName = "[No Variations]"
Add component (AddParameter): Name = "Value"; Value = "0.1uF"; VariantName = "[No Variations]"
Added Component: Designator=C5(C 0603_L)
Add component (AddParameter): Name = "LatestRevisionDate"; Value = "17-Jul-2002"; VariantName = "[No Variations]"
Add component (AddParameter): Name = "LatestRevisionNote"; Value = "Re-released for DXP Platform."; VariantName = "[No Variations]"
Add component (AddParameter): Name = "PackageDescription"; Value = "Radial Cap, Thru-Hole; 2 Leads; 0.3 in Pin Spacing"; VariantName = "[No Variations]"
Add component (AddParameter): Name = "PackageReference"; Value = "RAD-0.3"; VariantName = "[No Variations]"
Add component (AddParameter): Name = "Published"; Value = "8-Jun-2000"; VariantName = "[No Variations]"
Add component (AddParameter): Name = "Publisher"; Value = "Altium Limited"; VariantName = "[No Variations]"
Add component (AddParameter): Name = "Value"; Value = "0.1uF"; VariantName = "[No Variations]"
Added Component: Designator=C6(C 0603_L)
Add component (AddParameter): Name = "LatestRevisionDate"; Value = "17-Jul-2002"; VariantName = "[No Variations]"
Add component (AddParameter): Name = "LatestRevisionNote"; Value = "Re-released for DXP Platform."; VariantName = "[No Variations]"
Add component (AddParameter): Name = "PackageDescription"; Value = "Radial Cap, Thru-Hole; 2 Leads; 0.3 in Pin Spacing"; VariantName = "[No Variations]"
Add component (AddParameter): Name = "PackageReference"; Value = "RAD-0.3"; VariantName = "[No Variations]"
Add component (AddParameter): Name = "Published"; Value = "8-Jun-2000"; VariantName = "[No Variations]"
Add component (AddParameter): Name = "Publisher"; Value = "Altium Limited"; VariantName = "[No Variations]"
Add component (AddParameter): Name = "Value"; Value = "0.1uF"; VariantName = "[No Variations]"
Added Component: Designator=C7(C 0603_L)
Add component (AddParameter): Name = "LatestRevisionDate"; Value = "17-Jul-2002"; VariantName = "[No Variations]"
Add component (AddParameter): Name = "LatestRevisionNote"; Value = "Re-released for DXP Platform."; VariantName = "[No Variations]"
Add component (AddParameter): Name = "PackageDescription"; Value = "Radial Cap, Thru-Hole; 2 Leads; 0.3 in Pin Spacing"; VariantName = "[No Variations]"
Add component (AddParameter): Name = "PackageReference"; Value = "RAD-0.3"; VariantName = "[No Variations]"
Add component (AddParameter): Name = "Published"; Value = "8-Jun-2000"; VariantName = "[No Variations]"
Add component (AddParameter): Name = "Publisher"; Value = "Altium Limited"; VariantName = "[No Variations]"
Add component (AddParameter): Name = "Value"; Value = "0.1uF"; VariantName = "[No Variations]"
Added Component: Designator=C8(C 0603_L)
Add component (AddParameter): Name = "LatestRevisionDate"; Value = "17-Jul-2002"; VariantName = "[No Variations]"
Add component (AddParameter): Name = "LatestRevisionNote"; Value = "Re-released for DXP Platform."; VariantName = "[No Variations]"
Add component (AddParameter): Name = "PackageDescription"; Value = "Radial Cap, Thru-Hole; 2 Leads; 0.3 in Pin Spacing"; VariantName = "[No Variations]"
Add component (AddParameter): Name = "PackageReference"; Value = "RAD-0.3"; VariantName = "[No Variations]"
Add component (AddParameter): Name = "Published"; Value = "8-Jun-2000"; VariantName = "[No Variations]"
Add component (AddParameter): Name = "Publisher"; Value = "Altium Limited"; VariantName = "[No Variations]"
Add component (AddParameter): Name = "Value"; Value = "0.1uF"; VariantName = "[No Variations]"
Added Component: Designator=C9(C 0805_L)
Add component (AddParameter): Name = "LatestRevisionDate"; Value = "17-Jul-2002"; VariantName = "[No Variations]"
Add component (AddParameter): Name = "LatestRevisionNote"; Value = "Re-released for DXP Platform."; VariantName = "[No Variations]"
Add component (AddParameter): Name = "PackageDescription"; Value = "Radial Cap, Thru-Hole; 2 Leads; 0.3 in Pin Spacing"; VariantName = "[No Variations]"
Add component (AddParameter): Name = "PackageReference"; Value = "RAD-0.3"; VariantName = "[No Variations]"
Add component (AddParameter): Name = "Published"; Value = "8-Jun-2000"; VariantName = "[No Variations]"
Add component (AddParameter): Name = "Publisher"; Value = "Altium Limited"; VariantName = "[No Variations]"
Add component (AddParameter): Name = "Value"; Value = "47uF"; VariantName = "[No Variations]"
Added Component: Designator=C10(C 0805_L)
Add component (AddParameter): Name = "LatestRevisionDate"; Value = "17-Jul-2002"; VariantName = "[No Variations]"
Add component (AddParameter): Name = "LatestRevisionNote"; Value = "Re-released for DXP Platform."; VariantName = "[No Variations]"
Add component (AddParameter): Name = "PackageDescription"; Value = "Radial Cap, Thru-Hole; 2 Leads; 0.3 in Pin Spacing"; VariantName = "[No Variations]"
Add component (AddParameter): Name = "PackageReference"; Value = "RAD-0.3"; VariantName = "[No Variations]"
Add component (AddParameter): Name = "Published"; Value = "8-Jun-2000"; VariantName = "[No Variations]"
Add component (AddParameter): Name = "Publisher"; Value = "Altium Limited"; VariantName = "[No Variations]"
Add component (AddParameter): Name = "Value"; Value = "47uF"; VariantName = "[No Variations]"
Added Component: Designator=C11(C 0805_L)
Add component (AddParameter): Name = "LatestRevisionDate"; Value = "17-Jul-2002"; VariantName = "[No Variations]"
Add component (AddParameter): Name = "LatestRevisionNote"; Value = "Re-released for DXP Platform."; VariantName = "[No Variations]"
Add component (AddParameter): Name = "PackageDescription"; Value = "Radial Cap, Thru-Hole; 2 Leads; 0.3 in Pin Spacing"; VariantName = "[No Variations]"
Add component (AddParameter): Name = "PackageReference"; Value = "RAD-0.3"; VariantName = "[No Variations]"
Add component (AddParameter): Name = "Published"; Value = "8-Jun-2000"; VariantName = "[No Variations]"
Add component (AddParameter): Name = "Publisher"; Value = "Altium Limited"; VariantName = "[No Variations]"
Add component (AddParameter): Name = "Value"; Value = "47uF"; VariantName = "[No Variations]"
Added Component: Designator=C12(C 0805_L)
Add component (AddParameter): Name = "LatestRevisionDate"; Value = "17-Jul-2002"; VariantName = "[No Variations]"
Add component (AddParameter): Name = "LatestRevisionNote"; Value = "Re-released for DXP Platform."; VariantName = "[No Variations]"
Add component (AddParameter): Name = "PackageDescription"; Value = "Radial Cap, Thru-Hole; 2 Leads; 0.3 in Pin Spacing"; VariantName = "[No Variations]"
Add component (AddParameter): Name = "PackageReference"; Value = "RAD-0.3"; VariantName = "[No Variations]"
Add component (AddParameter): Name = "Published"; Value = "8-Jun-2000"; VariantName = "[No Variations]"
Add component (AddParameter): Name = "Publisher"; Value = "Altium Limited"; VariantName = "[No Variations]"
Add component (AddParameter): Name = "Value"; Value = "47uF"; VariantName = "[No Variations]"
Added Component: Designator=C13(C 0603_L)
Add component (AddParameter): Name = "LatestRevisionDate"; Value = "17-Jul-2002"; VariantName = "[No Variations]"
Add component (AddParameter): Name = "LatestRevisionNote"; Value = "Re-released for DXP Platform."; VariantName = "[No Variations]"
Add component (AddParameter): Name = "PackageDescription"; Value = "Radial Cap, Thru-Hole; 2 Leads; 0.3 in Pin Spacing"; VariantName = "[No Variations]"
Add component (AddParameter): Name = "PackageReference"; Value = "RAD-0.3"; VariantName = "[No Variations]"
Add component (AddParameter): Name = "Published"; Value = "8-Jun-2000"; VariantName = "[No Variations]"
Add component (AddParameter): Name = "Publisher"; Value = "Altium Limited"; VariantName = "[No Variations]"
Add component (AddParameter): Name = "Value"; Value = "1uF"; VariantName = "[No Variations]"
Added Component: Designator=D1(LL-34_L3.7-W1.6-RD)
Add component (AddParameter): Name = "Code_JEDEC"; Value = "DO-214-AB"; VariantName = "[No Variations]"
Add component (AddParameter): Name = "LatestRevisionDate"; Value = "17-Jul-2002"; VariantName = "[No Variations]"
Add component (AddParameter): Name = "LatestRevisionNote"; Value = "Re-released for DXP Platform."; VariantName = "[No Variations]"
Add component (AddParameter): Name = "PackageDescription"; Value = "DO-214-AB/SMC; 2 C-Bend Leads; Body 7.9 x 5.9 mm, inc. leads (LxW)"; VariantName = "[No Variations]"
Add component (AddParameter): Name = "PackageReference"; Value = "SMC"; VariantName = "[No Variations]"
Add component (AddParameter): Name = "PackageVersion"; Value = "Sep-1996"; VariantName = "[No Variations]"
Add component (AddParameter): Name = "Published"; Value = "8-Jun-2000"; VariantName = "[No Variations]"
Add component (AddParameter): Name = "Publisher"; Value = "Altium Limited"; VariantName = "[No Variations]"
Added Component: Designator=D2(LL-34_L3.7-W1.6-RD)
Add component (AddParameter): Name = "Code_JEDEC"; Value = "DO-214-AB"; VariantName = "[No Variations]"
Add component (AddParameter): Name = "LatestRevisionDate"; Value = "17-Jul-2002"; VariantName = "[No Variations]"
Add component (AddParameter): Name = "LatestRevisionNote"; Value = "Re-released for DXP Platform."; VariantName = "[No Variations]"
Add component (AddParameter): Name = "PackageDescription"; Value = "DO-214-AB/SMC; 2 C-Bend Leads; Body 7.9 x 5.9 mm, inc. leads (LxW)"; VariantName = "[No Variations]"
Add component (AddParameter): Name = "PackageReference"; Value = "SMC"; VariantName = "[No Variations]"
Add component (AddParameter): Name = "PackageVersion"; Value = "Sep-1996"; VariantName = "[No Variations]"
Add component (AddParameter): Name = "Published"; Value = "8-Jun-2000"; VariantName = "[No Variations]"
Add component (AddParameter): Name = "Publisher"; Value = "Altium Limited"; VariantName = "[No Variations]"
Added Component: Designator=D3(LL-34_L3.7-W1.6-RD)
Add component (AddParameter): Name = "Code_JEDEC"; Value = "DO-214-AB"; VariantName = "[No Variations]"
Add component (AddParameter): Name = "LatestRevisionDate"; Value = "17-Jul-2002"; VariantName = "[No Variations]"
Add component (AddParameter): Name = "LatestRevisionNote"; Value = "Re-released for DXP Platform."; VariantName = "[No Variations]"
Add component (AddParameter): Name = "PackageDescription"; Value = "DO-214-AB/SMC; 2 C-Bend Leads; Body 7.9 x 5.9 mm, inc. leads (LxW)"; VariantName = "[No Variations]"
Add component (AddParameter): Name = "PackageReference"; Value = "SMC"; VariantName = "[No Variations]"
Add component (AddParameter): Name = "PackageVersion"; Value = "Sep-1996"; VariantName = "[No Variations]"
Add component (AddParameter): Name = "Published"; Value = "8-Jun-2000"; VariantName = "[No Variations]"
Add component (AddParameter): Name = "Publisher"; Value = "Altium Limited"; VariantName = "[No Variations]"
Added Component: Designator=D4(LL-34_L3.7-W1.6-RD)
Add component (AddParameter): Name = "Code_JEDEC"; Value = "DO-214-AB"; VariantName = "[No Variations]"
Add component (AddParameter): Name = "LatestRevisionDate"; Value = "17-Jul-2002"; VariantName = "[No Variations]"
Add component (AddParameter): Name = "LatestRevisionNote"; Value = "Re-released for DXP Platform."; VariantName = "[No Variations]"
Add component (AddParameter): Name = "PackageDescription"; Value = "DO-214-AB/SMC; 2 C-Bend Leads; Body 7.9 x 5.9 mm, inc. leads (LxW)"; VariantName = "[No Variations]"
Add component (AddParameter): Name = "PackageReference"; Value = "SMC"; VariantName = "[No Variations]"
Add component (AddParameter): Name = "PackageVersion"; Value = "Sep-1996"; VariantName = "[No Variations]"
Add component (AddParameter): Name = "Published"; Value = "8-Jun-2000"; VariantName = "[No Variations]"
Add component (AddParameter): Name = "Publisher"; Value = "Altium Limited"; VariantName = "[No Variations]"
Added Component: Designator=D5(LL-34_L3.7-W1.6-RD)
Add component (AddParameter): Name = "Code_JEDEC"; Value = "DO-214-AB"; VariantName = "[No Variations]"
Add component (AddParameter): Name = "LatestRevisionDate"; Value = "17-Jul-2002"; VariantName = "[No Variations]"
Add component (AddParameter): Name = "LatestRevisionNote"; Value = "Re-released for DXP Platform."; VariantName = "[No Variations]"
Add component (AddParameter): Name = "PackageDescription"; Value = "DO-214-AB/SMC; 2 C-Bend Leads; Body 7.9 x 5.9 mm, inc. leads (LxW)"; VariantName = "[No Variations]"
Add component (AddParameter): Name = "PackageReference"; Value = "SMC"; VariantName = "[No Variations]"
Add component (AddParameter): Name = "PackageVersion"; Value = "Sep-1996"; VariantName = "[No Variations]"
Add component (AddParameter): Name = "Published"; Value = "8-Jun-2000"; VariantName = "[No Variations]"
Add component (AddParameter): Name = "Publisher"; Value = "Altium Limited"; VariantName = "[No Variations]"
Added Component: Designator=D6(LL-34_L3.7-W1.6-RD)
Add component (AddParameter): Name = "Code_JEDEC"; Value = "DO-214-AB"; VariantName = "[No Variations]"
Add component (AddParameter): Name = "LatestRevisionDate"; Value = "17-Jul-2002"; VariantName = "[No Variations]"
Add component (AddParameter): Name = "LatestRevisionNote"; Value = "Re-released for DXP Platform."; VariantName = "[No Variations]"
Add component (AddParameter): Name = "PackageDescription"; Value = "DO-214-AB/SMC; 2 C-Bend Leads; Body 7.9 x 5.9 mm, inc. leads (LxW)"; VariantName = "[No Variations]"
Add component (AddParameter): Name = "PackageReference"; Value = "SMC"; VariantName = "[No Variations]"
Add component (AddParameter): Name = "PackageVersion"; Value = "Sep-1996"; VariantName = "[No Variations]"
Add component (AddParameter): Name = "Published"; Value = "8-Jun-2000"; VariantName = "[No Variations]"
Add component (AddParameter): Name = "Publisher"; Value = "Altium Limited"; VariantName = "[No Variations]"
Added Component: Designator=D7(LL-34_L3.7-W1.6-RD)
Add component (AddParameter): Name = "Code_JEDEC"; Value = "DO-214-AB"; VariantName = "[No Variations]"
Add component (AddParameter): Name = "LatestRevisionDate"; Value = "17-Jul-2002"; VariantName = "[No Variations]"
Add component (AddParameter): Name = "LatestRevisionNote"; Value = "Re-released for DXP Platform."; VariantName = "[No Variations]"
Add component (AddParameter): Name = "PackageDescription"; Value = "DO-214-AB/SMC; 2 C-Bend Leads; Body 7.9 x 5.9 mm, inc. leads (LxW)"; VariantName = "[No Variations]"
Add component (AddParameter): Name = "PackageReference"; Value = "SMC"; VariantName = "[No Variations]"
Add component (AddParameter): Name = "PackageVersion"; Value = "Sep-1996"; VariantName = "[No Variations]"
Add component (AddParameter): Name = "Published"; Value = "8-Jun-2000"; VariantName = "[No Variations]"
Add component (AddParameter): Name = "Publisher"; Value = "Altium Limited"; VariantName = "[No Variations]"
Added Component: Designator=D8(LL-34_L3.7-W1.6-RD)
Add component (AddParameter): Name = "Code_JEDEC"; Value = "DO-214-AB"; VariantName = "[No Variations]"
Add component (AddParameter): Name = "LatestRevisionDate"; Value = "17-Jul-2002"; VariantName = "[No Variations]"
Add component (AddParameter): Name = "LatestRevisionNote"; Value = "Re-released for DXP Platform."; VariantName = "[No Variations]"
Add component (AddParameter): Name = "PackageDescription"; Value = "DO-214-AB/SMC; 2 C-Bend Leads; Body 7.9 x 5.9 mm, inc. leads (LxW)"; VariantName = "[No Variations]"
Add component (AddParameter): Name = "PackageReference"; Value = "SMC"; VariantName = "[No Variations]"
Add component (AddParameter): Name = "PackageVersion"; Value = "Sep-1996"; VariantName = "[No Variations]"
Add component (AddParameter): Name = "Published"; Value = "8-Jun-2000"; VariantName = "[No Variations]"
Add component (AddParameter): Name = "Publisher"; Value = "Altium Limited"; VariantName = "[No Variations]"
Added Component: Designator=D9(LL-34_L3.7-W1.6-RD)
Add component (AddParameter): Name = "Code_JEDEC"; Value = "DO-214-AB"; VariantName = "[No Variations]"
Add component (AddParameter): Name = "LatestRevisionDate"; Value = "17-Jul-2002"; VariantName = "[No Variations]"
Add component (AddParameter): Name = "LatestRevisionNote"; Value = "Re-released for DXP Platform."; VariantName = "[No Variations]"
Add component (AddParameter): Name = "PackageDescription"; Value = "DO-214-AB/SMC; 2 C-Bend Leads; Body 7.9 x 5.9 mm, inc. leads (LxW)"; VariantName = "[No Variations]"
Add component (AddParameter): Name = "PackageReference"; Value = "SMC"; VariantName = "[No Variations]"
Add component (AddParameter): Name = "PackageVersion"; Value = "Sep-1996"; VariantName = "[No Variations]"
Add component (AddParameter): Name = "Published"; Value = "8-Jun-2000"; VariantName = "[No Variations]"
Add component (AddParameter): Name = "Publisher"; Value = "Altium Limited"; VariantName = "[No Variations]"
Added Component: Designator=D10(LL-34_L3.7-W1.6-RD)
Add component (AddParameter): Name = "Code_JEDEC"; Value = "DO-214-AB"; VariantName = "[No Variations]"
Add component (AddParameter): Name = "LatestRevisionDate"; Value = "17-Jul-2002"; VariantName = "[No Variations]"
Add component (AddParameter): Name = "LatestRevisionNote"; Value = "Re-released for DXP Platform."; VariantName = "[No Variations]"
Add component (AddParameter): Name = "PackageDescription"; Value = "DO-214-AB/SMC; 2 C-Bend Leads; Body 7.9 x 5.9 mm, inc. leads (LxW)"; VariantName = "[No Variations]"
Add component (AddParameter): Name = "PackageReference"; Value = "SMC"; VariantName = "[No Variations]"
Add component (AddParameter): Name = "PackageVersion"; Value = "Sep-1996"; VariantName = "[No Variations]"
Add component (AddParameter): Name = "Published"; Value = "8-Jun-2000"; VariantName = "[No Variations]"
Add component (AddParameter): Name = "Publisher"; Value = "Altium Limited"; VariantName = "[No Variations]"
Added Component: Designator=D11(LL-34_L3.7-W1.6-RD)
Add component (AddParameter): Name = "Code_JEDEC"; Value = "DO-214-AB"; VariantName = "[No Variations]"
Add component (AddParameter): Name = "LatestRevisionDate"; Value = "17-Jul-2002"; VariantName = "[No Variations]"
Add component (AddParameter): Name = "LatestRevisionNote"; Value = "Re-released for DXP Platform."; VariantName = "[No Variations]"
Add component (AddParameter): Name = "PackageDescription"; Value = "DO-214-AB/SMC; 2 C-Bend Leads; Body 7.9 x 5.9 mm, inc. leads (LxW)"; VariantName = "[No Variations]"
Add component (AddParameter): Name = "PackageReference"; Value = "SMC"; VariantName = "[No Variations]"
Add component (AddParameter): Name = "PackageVersion"; Value = "Sep-1996"; VariantName = "[No Variations]"
Add component (AddParameter): Name = "Published"; Value = "8-Jun-2000"; VariantName = "[No Variations]"
Add component (AddParameter): Name = "Publisher"; Value = "Altium Limited"; VariantName = "[No Variations]"
Added Component: Designator=D12(LL-34_L3.7-W1.6-RD)
Add component (AddParameter): Name = "Code_JEDEC"; Value = "DO-214-AB"; VariantName = "[No Variations]"
Add component (AddParameter): Name = "LatestRevisionDate"; Value = "17-Jul-2002"; VariantName = "[No Variations]"
Add component (AddParameter): Name = "LatestRevisionNote"; Value = "Re-released for DXP Platform."; VariantName = "[No Variations]"
Add component (AddParameter): Name = "PackageDescription"; Value = "DO-214-AB/SMC; 2 C-Bend Leads; Body 7.9 x 5.9 mm, inc. leads (LxW)"; VariantName = "[No Variations]"
Add component (AddParameter): Name = "PackageReference"; Value = "SMC"; VariantName = "[No Variations]"
Add component (AddParameter): Name = "PackageVersion"; Value = "Sep-1996"; VariantName = "[No Variations]"
Add component (AddParameter): Name = "Published"; Value = "8-Jun-2000"; VariantName = "[No Variations]"
Add component (AddParameter): Name = "Publisher"; Value = "Altium Limited"; VariantName = "[No Variations]"
Added Component: Designator=D13(LL-34_L3.7-W1.6-RD)
Add component (AddParameter): Name = "Code_JEDEC"; Value = "DO-214-AB"; VariantName = "[No Variations]"
Add component (AddParameter): Name = "LatestRevisionDate"; Value = "17-Jul-2002"; VariantName = "[No Variations]"
Add component (AddParameter): Name = "LatestRevisionNote"; Value = "Re-released for DXP Platform."; VariantName = "[No Variations]"
Add component (AddParameter): Name = "PackageDescription"; Value = "DO-214-AB/SMC; 2 C-Bend Leads; Body 7.9 x 5.9 mm, inc. leads (LxW)"; VariantName = "[No Variations]"
Add component (AddParameter): Name = "PackageReference"; Value = "SMC"; VariantName = "[No Variations]"
Add component (AddParameter): Name = "PackageVersion"; Value = "Sep-1996"; VariantName = "[No Variations]"
Add component (AddParameter): Name = "Published"; Value = "8-Jun-2000"; VariantName = "[No Variations]"
Add component (AddParameter): Name = "Publisher"; Value = "Altium Limited"; VariantName = "[No Variations]"
Added Component: Designator=D14(LL-34_L3.7-W1.6-RD)
Add component (AddParameter): Name = "Code_JEDEC"; Value = "DO-214-AB"; VariantName = "[No Variations]"
Add component (AddParameter): Name = "LatestRevisionDate"; Value = "17-Jul-2002"; VariantName = "[No Variations]"
Add component (AddParameter): Name = "LatestRevisionNote"; Value = "Re-released for DXP Platform."; VariantName = "[No Variations]"
Add component (AddParameter): Name = "PackageDescription"; Value = "DO-214-AB/SMC; 2 C-Bend Leads; Body 7.9 x 5.9 mm, inc. leads (LxW)"; VariantName = "[No Variations]"
Add component (AddParameter): Name = "PackageReference"; Value = "SMC"; VariantName = "[No Variations]"
Add component (AddParameter): Name = "PackageVersion"; Value = "Sep-1996"; VariantName = "[No Variations]"
Add component (AddParameter): Name = "Published"; Value = "8-Jun-2000"; VariantName = "[No Variations]"
Add component (AddParameter): Name = "Publisher"; Value = "Altium Limited"; VariantName = "[No Variations]"
Added Component: Designator=D15(LL-34_L3.7-W1.6-RD)
Add component (AddParameter): Name = "Code_JEDEC"; Value = "DO-214-AB"; VariantName = "[No Variations]"
Add component (AddParameter): Name = "LatestRevisionDate"; Value = "17-Jul-2002"; VariantName = "[No Variations]"
Add component (AddParameter): Name = "LatestRevisionNote"; Value = "Re-released for DXP Platform."; VariantName = "[No Variations]"
Add component (AddParameter): Name = "PackageDescription"; Value = "DO-214-AB/SMC; 2 C-Bend Leads; Body 7.9 x 5.9 mm, inc. leads (LxW)"; VariantName = "[No Variations]"
Add component (AddParameter): Name = "PackageReference"; Value = "SMC"; VariantName = "[No Variations]"
Add component (AddParameter): Name = "PackageVersion"; Value = "Sep-1996"; VariantName = "[No Variations]"
Add component (AddParameter): Name = "Published"; Value = "8-Jun-2000"; VariantName = "[No Variations]"
Add component (AddParameter): Name = "Publisher"; Value = "Altium Limited"; VariantName = "[No Variations]"
Added Component: Designator=D16(LL-34_L3.7-W1.6-RD)
Add component (AddParameter): Name = "Code_JEDEC"; Value = "DO-214-AB"; VariantName = "[No Variations]"
Add component (AddParameter): Name = "LatestRevisionDate"; Value = "17-Jul-2002"; VariantName = "[No Variations]"
Add component (AddParameter): Name = "LatestRevisionNote"; Value = "Re-released for DXP Platform."; VariantName = "[No Variations]"
Add component (AddParameter): Name = "PackageDescription"; Value = "DO-214-AB/SMC; 2 C-Bend Leads; Body 7.9 x 5.9 mm, inc. leads (LxW)"; VariantName = "[No Variations]"
Add component (AddParameter): Name = "PackageReference"; Value = "SMC"; VariantName = "[No Variations]"
Add component (AddParameter): Name = "PackageVersion"; Value = "Sep-1996"; VariantName = "[No Variations]"
Add component (AddParameter): Name = "Published"; Value = "8-Jun-2000"; VariantName = "[No Variations]"
Add component (AddParameter): Name = "Publisher"; Value = "Altium Limited"; VariantName = "[No Variations]"
Added Component: Designator=D17(LL-34_L3.7-W1.6-RD)
Add component (AddParameter): Name = "Code_JEDEC"; Value = "DO-214-AB"; VariantName = "[No Variations]"
Add component (AddParameter): Name = "LatestRevisionDate"; Value = "17-Jul-2002"; VariantName = "[No Variations]"
Add component (AddParameter): Name = "LatestRevisionNote"; Value = "Re-released for DXP Platform."; VariantName = "[No Variations]"
Add component (AddParameter): Name = "PackageDescription"; Value = "DO-214-AB/SMC; 2 C-Bend Leads; Body 7.9 x 5.9 mm, inc. leads (LxW)"; VariantName = "[No Variations]"
Add component (AddParameter): Name = "PackageReference"; Value = "SMC"; VariantName = "[No Variations]"
Add component (AddParameter): Name = "PackageVersion"; Value = "Sep-1996"; VariantName = "[No Variations]"
Add component (AddParameter): Name = "Published"; Value = "8-Jun-2000"; VariantName = "[No Variations]"
Add component (AddParameter): Name = "Publisher"; Value = "Altium Limited"; VariantName = "[No Variations]"
Added Component: Designator=D18(LL-34_L3.7-W1.6-RD)
Add component (AddParameter): Name = "Code_JEDEC"; Value = "DO-214-AB"; VariantName = "[No Variations]"
Add component (AddParameter): Name = "LatestRevisionDate"; Value = "17-Jul-2002"; VariantName = "[No Variations]"
Add component (AddParameter): Name = "LatestRevisionNote"; Value = "Re-released for DXP Platform."; VariantName = "[No Variations]"
Add component (AddParameter): Name = "PackageDescription"; Value = "DO-214-AB/SMC; 2 C-Bend Leads; Body 7.9 x 5.9 mm, inc. leads (LxW)"; VariantName = "[No Variations]"
Add component (AddParameter): Name = "PackageReference"; Value = "SMC"; VariantName = "[No Variations]"
Add component (AddParameter): Name = "PackageVersion"; Value = "Sep-1996"; VariantName = "[No Variations]"
Add component (AddParameter): Name = "Published"; Value = "8-Jun-2000"; VariantName = "[No Variations]"
Add component (AddParameter): Name = "Publisher"; Value = "Altium Limited"; VariantName = "[No Variations]"
Added Component: Designator=D19(LL-34_L3.7-W1.6-RD)
Add component (AddParameter): Name = "Code_JEDEC"; Value = "DO-214-AB"; VariantName = "[No Variations]"
Add component (AddParameter): Name = "LatestRevisionDate"; Value = "17-Jul-2002"; VariantName = "[No Variations]"
Add component (AddParameter): Name = "LatestRevisionNote"; Value = "Re-released for DXP Platform."; VariantName = "[No Variations]"
Add component (AddParameter): Name = "PackageDescription"; Value = "DO-214-AB/SMC; 2 C-Bend Leads; Body 7.9 x 5.9 mm, inc. leads (LxW)"; VariantName = "[No Variations]"
Add component (AddParameter): Name = "PackageReference"; Value = "SMC"; VariantName = "[No Variations]"
Add component (AddParameter): Name = "PackageVersion"; Value = "Sep-1996"; VariantName = "[No Variations]"
Add component (AddParameter): Name = "Published"; Value = "8-Jun-2000"; VariantName = "[No Variations]"
Add component (AddParameter): Name = "Publisher"; Value = "Altium Limited"; VariantName = "[No Variations]"
Added Component: Designator=D20(LL-34_L3.7-W1.6-RD)
Add component (AddParameter): Name = "Code_JEDEC"; Value = "DO-214-AB"; VariantName = "[No Variations]"
Add component (AddParameter): Name = "LatestRevisionDate"; Value = "17-Jul-2002"; VariantName = "[No Variations]"
Add component (AddParameter): Name = "LatestRevisionNote"; Value = "Re-released for DXP Platform."; VariantName = "[No Variations]"
Add component (AddParameter): Name = "PackageDescription"; Value = "DO-214-AB/SMC; 2 C-Bend Leads; Body 7.9 x 5.9 mm, inc. leads (LxW)"; VariantName = "[No Variations]"
Add component (AddParameter): Name = "PackageReference"; Value = "SMC"; VariantName = "[No Variations]"
Add component (AddParameter): Name = "PackageVersion"; Value = "Sep-1996"; VariantName = "[No Variations]"
Add component (AddParameter): Name = "Published"; Value = "8-Jun-2000"; VariantName = "[No Variations]"
Add component (AddParameter): Name = "Publisher"; Value = "Altium Limited"; VariantName = "[No Variations]"
Added Component: Designator=D21(LL-34_L3.7-W1.6-RD)
Add component (AddParameter): Name = "Code_JEDEC"; Value = "DO-214-AB"; VariantName = "[No Variations]"
Add component (AddParameter): Name = "LatestRevisionDate"; Value = "17-Jul-2002"; VariantName = "[No Variations]"
Add component (AddParameter): Name = "LatestRevisionNote"; Value = "Re-released for DXP Platform."; VariantName = "[No Variations]"
Add component (AddParameter): Name = "PackageDescription"; Value = "DO-214-AB/SMC; 2 C-Bend Leads; Body 7.9 x 5.9 mm, inc. leads (LxW)"; VariantName = "[No Variations]"
Add component (AddParameter): Name = "PackageReference"; Value = "SMC"; VariantName = "[No Variations]"
Add component (AddParameter): Name = "PackageVersion"; Value = "Sep-1996"; VariantName = "[No Variations]"
Add component (AddParameter): Name = "Published"; Value = "8-Jun-2000"; VariantName = "[No Variations]"
Add component (AddParameter): Name = "Publisher"; Value = "Altium Limited"; VariantName = "[No Variations]"
Added Component: Designator=D22(LL-34_L3.7-W1.6-RD)
Add component (AddParameter): Name = "Code_JEDEC"; Value = "DO-214-AB"; VariantName = "[No Variations]"
Add component (AddParameter): Name = "LatestRevisionDate"; Value = "17-Jul-2002"; VariantName = "[No Variations]"
Add component (AddParameter): Name = "LatestRevisionNote"; Value = "Re-released for DXP Platform."; VariantName = "[No Variations]"
Add component (AddParameter): Name = "PackageDescription"; Value = "DO-214-AB/SMC; 2 C-Bend Leads; Body 7.9 x 5.9 mm, inc. leads (LxW)"; VariantName = "[No Variations]"
Add component (AddParameter): Name = "PackageReference"; Value = "SMC"; VariantName = "[No Variations]"
Add component (AddParameter): Name = "PackageVersion"; Value = "Sep-1996"; VariantName = "[No Variations]"
Add component (AddParameter): Name = "Published"; Value = "8-Jun-2000"; VariantName = "[No Variations]"
Add component (AddParameter): Name = "Publisher"; Value = "Altium Limited"; VariantName = "[No Variations]"
Added Component: Designator=D23(LL-34_L3.7-W1.6-RD)
Add component (AddParameter): Name = "Code_JEDEC"; Value = "DO-214-AB"; VariantName = "[No Variations]"
Add component (AddParameter): Name = "LatestRevisionDate"; Value = "17-Jul-2002"; VariantName = "[No Variations]"
Add component (AddParameter): Name = "LatestRevisionNote"; Value = "Re-released for DXP Platform."; VariantName = "[No Variations]"
Add component (AddParameter): Name = "PackageDescription"; Value = "DO-214-AB/SMC; 2 C-Bend Leads; Body 7.9 x 5.9 mm, inc. leads (LxW)"; VariantName = "[No Variations]"
Add component (AddParameter): Name = "PackageReference"; Value = "SMC"; VariantName = "[No Variations]"
Add component (AddParameter): Name = "PackageVersion"; Value = "Sep-1996"; VariantName = "[No Variations]"
Add component (AddParameter): Name = "Published"; Value = "8-Jun-2000"; VariantName = "[No Variations]"
Add component (AddParameter): Name = "Publisher"; Value = "Altium Limited"; VariantName = "[No Variations]"
Added Component: Designator=D24(LL-34_L3.7-W1.6-RD)
Add component (AddParameter): Name = "Code_JEDEC"; Value = "DO-214-AB"; VariantName = "[No Variations]"
Add component (AddParameter): Name = "LatestRevisionDate"; Value = "17-Jul-2002"; VariantName = "[No Variations]"
Add component (AddParameter): Name = "LatestRevisionNote"; Value = "Re-released for DXP Platform."; VariantName = "[No Variations]"
Add component (AddParameter): Name = "PackageDescription"; Value = "DO-214-AB/SMC; 2 C-Bend Leads; Body 7.9 x 5.9 mm, inc. leads (LxW)"; VariantName = "[No Variations]"
Add component (AddParameter): Name = "PackageReference"; Value = "SMC"; VariantName = "[No Variations]"
Add component (AddParameter): Name = "PackageVersion"; Value = "Sep-1996"; VariantName = "[No Variations]"
Add component (AddParameter): Name = "Published"; Value = "8-Jun-2000"; VariantName = "[No Variations]"
Add component (AddParameter): Name = "Publisher"; Value = "Altium Limited"; VariantName = "[No Variations]"
Added Component: Designator=D25(LL-34_L3.7-W1.6-RD)
Add component (AddParameter): Name = "Code_JEDEC"; Value = "DO-214-AB"; VariantName = "[No Variations]"
Add component (AddParameter): Name = "LatestRevisionDate"; Value = "17-Jul-2002"; VariantName = "[No Variations]"
Add component (AddParameter): Name = "LatestRevisionNote"; Value = "Re-released for DXP Platform."; VariantName = "[No Variations]"
Add component (AddParameter): Name = "PackageDescription"; Value = "DO-214-AB/SMC; 2 C-Bend Leads; Body 7.9 x 5.9 mm, inc. leads (LxW)"; VariantName = "[No Variations]"
Add component (AddParameter): Name = "PackageReference"; Value = "SMC"; VariantName = "[No Variations]"
Add component (AddParameter): Name = "PackageVersion"; Value = "Sep-1996"; VariantName = "[No Variations]"
Add component (AddParameter): Name = "Published"; Value = "8-Jun-2000"; VariantName = "[No Variations]"
Add component (AddParameter): Name = "Publisher"; Value = "Altium Limited"; VariantName = "[No Variations]"
Added Component: Designator=D26(LL-34_L3.7-W1.6-RD)
Add component (AddParameter): Name = "Code_JEDEC"; Value = "DO-214-AB"; VariantName = "[No Variations]"
Add component (AddParameter): Name = "LatestRevisionDate"; Value = "17-Jul-2002"; VariantName = "[No Variations]"
Add component (AddParameter): Name = "LatestRevisionNote"; Value = "Re-released for DXP Platform."; VariantName = "[No Variations]"
Add component (AddParameter): Name = "PackageDescription"; Value = "DO-214-AB/SMC; 2 C-Bend Leads; Body 7.9 x 5.9 mm, inc. leads (LxW)"; VariantName = "[No Variations]"
Add component (AddParameter): Name = "PackageReference"; Value = "SMC"; VariantName = "[No Variations]"
Add component (AddParameter): Name = "PackageVersion"; Value = "Sep-1996"; VariantName = "[No Variations]"
Add component (AddParameter): Name = "Published"; Value = "8-Jun-2000"; VariantName = "[No Variations]"
Add component (AddParameter): Name = "Publisher"; Value = "Altium Limited"; VariantName = "[No Variations]"
Added Component: Designator=D27(LL-34_L3.7-W1.6-RD)
Add component (AddParameter): Name = "Code_JEDEC"; Value = "DO-214-AB"; VariantName = "[No Variations]"
Add component (AddParameter): Name = "LatestRevisionDate"; Value = "17-Jul-2002"; VariantName = "[No Variations]"
Add component (AddParameter): Name = "LatestRevisionNote"; Value = "Re-released for DXP Platform."; VariantName = "[No Variations]"
Add component (AddParameter): Name = "PackageDescription"; Value = "DO-214-AB/SMC; 2 C-Bend Leads; Body 7.9 x 5.9 mm, inc. leads (LxW)"; VariantName = "[No Variations]"
Add component (AddParameter): Name = "PackageReference"; Value = "SMC"; VariantName = "[No Variations]"
Add component (AddParameter): Name = "PackageVersion"; Value = "Sep-1996"; VariantName = "[No Variations]"
Add component (AddParameter): Name = "Published"; Value = "8-Jun-2000"; VariantName = "[No Variations]"
Add component (AddParameter): Name = "Publisher"; Value = "Altium Limited"; VariantName = "[No Variations]"
Added Component: Designator=D28(LL-34_L3.7-W1.6-RD)
Add component (AddParameter): Name = "Code_JEDEC"; Value = "DO-214-AB"; VariantName = "[No Variations]"
Add component (AddParameter): Name = "LatestRevisionDate"; Value = "17-Jul-2002"; VariantName = "[No Variations]"
Add component (AddParameter): Name = "LatestRevisionNote"; Value = "Re-released for DXP Platform."; VariantName = "[No Variations]"
Add component (AddParameter): Name = "PackageDescription"; Value = "DO-214-AB/SMC; 2 C-Bend Leads; Body 7.9 x 5.9 mm, inc. leads (LxW)"; VariantName = "[No Variations]"
Add component (AddParameter): Name = "PackageReference"; Value = "SMC"; VariantName = "[No Variations]"
Add component (AddParameter): Name = "PackageVersion"; Value = "Sep-1996"; VariantName = "[No Variations]"
Add component (AddParameter): Name = "Published"; Value = "8-Jun-2000"; VariantName = "[No Variations]"
Add component (AddParameter): Name = "Publisher"; Value = "Altium Limited"; VariantName = "[No Variations]"
Added Component: Designator=D29(LL-34_L3.7-W1.6-RD)
Add component (AddParameter): Name = "Code_JEDEC"; Value = "DO-214-AB"; VariantName = "[No Variations]"
Add component (AddParameter): Name = "LatestRevisionDate"; Value = "17-Jul-2002"; VariantName = "[No Variations]"
Add component (AddParameter): Name = "LatestRevisionNote"; Value = "Re-released for DXP Platform."; VariantName = "[No Variations]"
Add component (AddParameter): Name = "PackageDescription"; Value = "DO-214-AB/SMC; 2 C-Bend Leads; Body 7.9 x 5.9 mm, inc. leads (LxW)"; VariantName = "[No Variations]"
Add component (AddParameter): Name = "PackageReference"; Value = "SMC"; VariantName = "[No Variations]"
Add component (AddParameter): Name = "PackageVersion"; Value = "Sep-1996"; VariantName = "[No Variations]"
Add component (AddParameter): Name = "Published"; Value = "8-Jun-2000"; VariantName = "[No Variations]"
Add component (AddParameter): Name = "Publisher"; Value = "Altium Limited"; VariantName = "[No Variations]"
Added Component: Designator=D30(LL-34_L3.7-W1.6-RD)
Add component (AddParameter): Name = "Code_JEDEC"; Value = "DO-214-AB"; VariantName = "[No Variations]"
Add component (AddParameter): Name = "LatestRevisionDate"; Value = "17-Jul-2002"; VariantName = "[No Variations]"
Add component (AddParameter): Name = "LatestRevisionNote"; Value = "Re-released for DXP Platform."; VariantName = "[No Variations]"
Add component (AddParameter): Name = "PackageDescription"; Value = "DO-214-AB/SMC; 2 C-Bend Leads; Body 7.9 x 5.9 mm, inc. leads (LxW)"; VariantName = "[No Variations]"
Add component (AddParameter): Name = "PackageReference"; Value = "SMC"; VariantName = "[No Variations]"
Add component (AddParameter): Name = "PackageVersion"; Value = "Sep-1996"; VariantName = "[No Variations]"
Add component (AddParameter): Name = "Published"; Value = "8-Jun-2000"; VariantName = "[No Variations]"
Add component (AddParameter): Name = "Publisher"; Value = "Altium Limited"; VariantName = "[No Variations]"
Added Component: Designator=D31(LL-34_L3.7-W1.6-RD)
Add component (AddParameter): Name = "Code_JEDEC"; Value = "DO-214-AB"; VariantName = "[No Variations]"
Add component (AddParameter): Name = "LatestRevisionDate"; Value = "17-Jul-2002"; VariantName = "[No Variations]"
Add component (AddParameter): Name = "LatestRevisionNote"; Value = "Re-released for DXP Platform."; VariantName = "[No Variations]"
Add component (AddParameter): Name = "PackageDescription"; Value = "DO-214-AB/SMC; 2 C-Bend Leads; Body 7.9 x 5.9 mm, inc. leads (LxW)"; VariantName = "[No Variations]"
Add component (AddParameter): Name = "PackageReference"; Value = "SMC"; VariantName = "[No Variations]"
Add component (AddParameter): Name = "PackageVersion"; Value = "Sep-1996"; VariantName = "[No Variations]"
Add component (AddParameter): Name = "Published"; Value = "8-Jun-2000"; VariantName = "[No Variations]"
Add component (AddParameter): Name = "Publisher"; Value = "Altium Limited"; VariantName = "[No Variations]"
Added Component: Designator=D32(LL-34_L3.7-W1.6-RD)
Add component (AddParameter): Name = "Code_JEDEC"; Value = "DO-214-AB"; VariantName = "[No Variations]"
Add component (AddParameter): Name = "LatestRevisionDate"; Value = "17-Jul-2002"; VariantName = "[No Variations]"
Add component (AddParameter): Name = "LatestRevisionNote"; Value = "Re-released for DXP Platform."; VariantName = "[No Variations]"
Add component (AddParameter): Name = "PackageDescription"; Value = "DO-214-AB/SMC; 2 C-Bend Leads; Body 7.9 x 5.9 mm, inc. leads (LxW)"; VariantName = "[No Variations]"
Add component (AddParameter): Name = "PackageReference"; Value = "SMC"; VariantName = "[No Variations]"
Add component (AddParameter): Name = "PackageVersion"; Value = "Sep-1996"; VariantName = "[No Variations]"
Add component (AddParameter): Name = "Published"; Value = "8-Jun-2000"; VariantName = "[No Variations]"
Add component (AddParameter): Name = "Publisher"; Value = "Altium Limited"; VariantName = "[No Variations]"
Added Component: Designator=D33(LL-34_L3.7-W1.6-RD)
Add component (AddParameter): Name = "Code_JEDEC"; Value = "DO-214-AB"; VariantName = "[No Variations]"
Add component (AddParameter): Name = "LatestRevisionDate"; Value = "17-Jul-2002"; VariantName = "[No Variations]"
Add component (AddParameter): Name = "LatestRevisionNote"; Value = "Re-released for DXP Platform."; VariantName = "[No Variations]"
Add component (AddParameter): Name = "PackageDescription"; Value = "DO-214-AB/SMC; 2 C-Bend Leads; Body 7.9 x 5.9 mm, inc. leads (LxW)"; VariantName = "[No Variations]"
Add component (AddParameter): Name = "PackageReference"; Value = "SMC"; VariantName = "[No Variations]"
Add component (AddParameter): Name = "PackageVersion"; Value = "Sep-1996"; VariantName = "[No Variations]"
Add component (AddParameter): Name = "Published"; Value = "8-Jun-2000"; VariantName = "[No Variations]"
Add component (AddParameter): Name = "Publisher"; Value = "Altium Limited"; VariantName = "[No Variations]"
Added Component: Designator=D34(LL-34_L3.7-W1.6-RD)
Add component (AddParameter): Name = "Code_JEDEC"; Value = "DO-214-AB"; VariantName = "[No Variations]"
Add component (AddParameter): Name = "LatestRevisionDate"; Value = "17-Jul-2002"; VariantName = "[No Variations]"
Add component (AddParameter): Name = "LatestRevisionNote"; Value = "Re-released for DXP Platform."; VariantName = "[No Variations]"
Add component (AddParameter): Name = "PackageDescription"; Value = "DO-214-AB/SMC; 2 C-Bend Leads; Body 7.9 x 5.9 mm, inc. leads (LxW)"; VariantName = "[No Variations]"
Add component (AddParameter): Name = "PackageReference"; Value = "SMC"; VariantName = "[No Variations]"
Add component (AddParameter): Name = "PackageVersion"; Value = "Sep-1996"; VariantName = "[No Variations]"
Add component (AddParameter): Name = "Published"; Value = "8-Jun-2000"; VariantName = "[No Variations]"
Add component (AddParameter): Name = "Publisher"; Value = "Altium Limited"; VariantName = "[No Variations]"
Added Component: Designator=D35(LL-34_L3.7-W1.6-RD)
Add component (AddParameter): Name = "Code_JEDEC"; Value = "DO-214-AB"; VariantName = "[No Variations]"
Add component (AddParameter): Name = "LatestRevisionDate"; Value = "17-Jul-2002"; VariantName = "[No Variations]"
Add component (AddParameter): Name = "LatestRevisionNote"; Value = "Re-released for DXP Platform."; VariantName = "[No Variations]"
Add component (AddParameter): Name = "PackageDescription"; Value = "DO-214-AB/SMC; 2 C-Bend Leads; Body 7.9 x 5.9 mm, inc. leads (LxW)"; VariantName = "[No Variations]"
Add component (AddParameter): Name = "PackageReference"; Value = "SMC"; VariantName = "[No Variations]"
Add component (AddParameter): Name = "PackageVersion"; Value = "Sep-1996"; VariantName = "[No Variations]"
Add component (AddParameter): Name = "Published"; Value = "8-Jun-2000"; VariantName = "[No Variations]"
Add component (AddParameter): Name = "Publisher"; Value = "Altium Limited"; VariantName = "[No Variations]"
Added Component: Designator=D36(LL-34_L3.7-W1.6-RD)
Add component (AddParameter): Name = "Code_JEDEC"; Value = "DO-214-AB"; VariantName = "[No Variations]"
Add component (AddParameter): Name = "LatestRevisionDate"; Value = "17-Jul-2002"; VariantName = "[No Variations]"
Add component (AddParameter): Name = "LatestRevisionNote"; Value = "Re-released for DXP Platform."; VariantName = "[No Variations]"
Add component (AddParameter): Name = "PackageDescription"; Value = "DO-214-AB/SMC; 2 C-Bend Leads; Body 7.9 x 5.9 mm, inc. leads (LxW)"; VariantName = "[No Variations]"
Add component (AddParameter): Name = "PackageReference"; Value = "SMC"; VariantName = "[No Variations]"
Add component (AddParameter): Name = "PackageVersion"; Value = "Sep-1996"; VariantName = "[No Variations]"
Add component (AddParameter): Name = "Published"; Value = "8-Jun-2000"; VariantName = "[No Variations]"
Add component (AddParameter): Name = "Publisher"; Value = "Altium Limited"; VariantName = "[No Variations]"
Added Component: Designator=D37(LL-34_L3.7-W1.6-RD)
Add component (AddParameter): Name = "Code_JEDEC"; Value = "DO-214-AB"; VariantName = "[No Variations]"
Add component (AddParameter): Name = "LatestRevisionDate"; Value = "17-Jul-2002"; VariantName = "[No Variations]"
Add component (AddParameter): Name = "LatestRevisionNote"; Value = "Re-released for DXP Platform."; VariantName = "[No Variations]"
Add component (AddParameter): Name = "PackageDescription"; Value = "DO-214-AB/SMC; 2 C-Bend Leads; Body 7.9 x 5.9 mm, inc. leads (LxW)"; VariantName = "[No Variations]"
Add component (AddParameter): Name = "PackageReference"; Value = "SMC"; VariantName = "[No Variations]"
Add component (AddParameter): Name = "PackageVersion"; Value = "Sep-1996"; VariantName = "[No Variations]"
Add component (AddParameter): Name = "Published"; Value = "8-Jun-2000"; VariantName = "[No Variations]"
Add component (AddParameter): Name = "Publisher"; Value = "Altium Limited"; VariantName = "[No Variations]"
Added Component: Designator=D38(LL-34_L3.7-W1.6-RD)
Add component (AddParameter): Name = "Code_JEDEC"; Value = "DO-214-AB"; VariantName = "[No Variations]"
Add component (AddParameter): Name = "LatestRevisionDate"; Value = "17-Jul-2002"; VariantName = "[No Variations]"
Add component (AddParameter): Name = "LatestRevisionNote"; Value = "Re-released for DXP Platform."; VariantName = "[No Variations]"
Add component (AddParameter): Name = "PackageDescription"; Value = "DO-214-AB/SMC; 2 C-Bend Leads; Body 7.9 x 5.9 mm, inc. leads (LxW)"; VariantName = "[No Variations]"
Add component (AddParameter): Name = "PackageReference"; Value = "SMC"; VariantName = "[No Variations]"
Add component (AddParameter): Name = "PackageVersion"; Value = "Sep-1996"; VariantName = "[No Variations]"
Add component (AddParameter): Name = "Published"; Value = "8-Jun-2000"; VariantName = "[No Variations]"
Add component (AddParameter): Name = "Publisher"; Value = "Altium Limited"; VariantName = "[No Variations]"
Added Component: Designator=D39(LL-34_L3.7-W1.6-RD)
Add component (AddParameter): Name = "Code_JEDEC"; Value = "DO-214-AB"; VariantName = "[No Variations]"
Add component (AddParameter): Name = "LatestRevisionDate"; Value = "17-Jul-2002"; VariantName = "[No Variations]"
Add component (AddParameter): Name = "LatestRevisionNote"; Value = "Re-released for DXP Platform."; VariantName = "[No Variations]"
Add component (AddParameter): Name = "PackageDescription"; Value = "DO-214-AB/SMC; 2 C-Bend Leads; Body 7.9 x 5.9 mm, inc. leads (LxW)"; VariantName = "[No Variations]"
Add component (AddParameter): Name = "PackageReference"; Value = "SMC"; VariantName = "[No Variations]"
Add component (AddParameter): Name = "PackageVersion"; Value = "Sep-1996"; VariantName = "[No Variations]"
Add component (AddParameter): Name = "Published"; Value = "8-Jun-2000"; VariantName = "[No Variations]"
Add component (AddParameter): Name = "Publisher"; Value = "Altium Limited"; VariantName = "[No Variations]"
Added Component: Designator=D40(LL-34_L3.7-W1.6-RD)
Add component (AddParameter): Name = "Code_JEDEC"; Value = "DO-214-AB"; VariantName = "[No Variations]"
Add component (AddParameter): Name = "LatestRevisionDate"; Value = "17-Jul-2002"; VariantName = "[No Variations]"
Add component (AddParameter): Name = "LatestRevisionNote"; Value = "Re-released for DXP Platform."; VariantName = "[No Variations]"
Add component (AddParameter): Name = "PackageDescription"; Value = "DO-214-AB/SMC; 2 C-Bend Leads; Body 7.9 x 5.9 mm, inc. leads (LxW)"; VariantName = "[No Variations]"
Add component (AddParameter): Name = "PackageReference"; Value = "SMC"; VariantName = "[No Variations]"
Add component (AddParameter): Name = "PackageVersion"; Value = "Sep-1996"; VariantName = "[No Variations]"
Add component (AddParameter): Name = "Published"; Value = "8-Jun-2000"; VariantName = "[No Variations]"
Add component (AddParameter): Name = "Publisher"; Value = "Altium Limited"; VariantName = "[No Variations]"
Added Component: Designator=D41(LL-34_L3.7-W1.6-RD)
Add component (AddParameter): Name = "Code_JEDEC"; Value = "DO-214-AB"; VariantName = "[No Variations]"
Add component (AddParameter): Name = "LatestRevisionDate"; Value = "17-Jul-2002"; VariantName = "[No Variations]"
Add component (AddParameter): Name = "LatestRevisionNote"; Value = "Re-released for DXP Platform."; VariantName = "[No Variations]"
Add component (AddParameter): Name = "PackageDescription"; Value = "DO-214-AB/SMC; 2 C-Bend Leads; Body 7.9 x 5.9 mm, inc. leads (LxW)"; VariantName = "[No Variations]"
Add component (AddParameter): Name = "PackageReference"; Value = "SMC"; VariantName = "[No Variations]"
Add component (AddParameter): Name = "PackageVersion"; Value = "Sep-1996"; VariantName = "[No Variations]"
Add component (AddParameter): Name = "Published"; Value = "8-Jun-2000"; VariantName = "[No Variations]"
Add component (AddParameter): Name = "Publisher"; Value = "Altium Limited"; VariantName = "[No Variations]"
Added Component: Designator=D42(LL-34_L3.7-W1.6-RD)
Add component (AddParameter): Name = "Code_JEDEC"; Value = "DO-214-AB"; VariantName = "[No Variations]"
Add component (AddParameter): Name = "LatestRevisionDate"; Value = "17-Jul-2002"; VariantName = "[No Variations]"
Add component (AddParameter): Name = "LatestRevisionNote"; Value = "Re-released for DXP Platform."; VariantName = "[No Variations]"
Add component (AddParameter): Name = "PackageDescription"; Value = "DO-214-AB/SMC; 2 C-Bend Leads; Body 7.9 x 5.9 mm, inc. leads (LxW)"; VariantName = "[No Variations]"
Add component (AddParameter): Name = "PackageReference"; Value = "SMC"; VariantName = "[No Variations]"
Add component (AddParameter): Name = "PackageVersion"; Value = "Sep-1996"; VariantName = "[No Variations]"
Add component (AddParameter): Name = "Published"; Value = "8-Jun-2000"; VariantName = "[No Variations]"
Add component (AddParameter): Name = "Publisher"; Value = "Altium Limited"; VariantName = "[No Variations]"
Added Component: Designator=D43(WS2812B-3528£¬·´ÌùRGBLEDµÆ)
Added Component: Designator=D44(WS2812B-3528£¬·´ÌùRGBLEDµÆ)
Added Component: Designator=D45(WS2812B-3528£¬·´ÌùRGBLEDµÆ)
Added Component: Designator=D46(WS2812B-3528£¬·´ÌùRGBLEDµÆ)
Added Component: Designator=D47(WS2812B-3528£¬·´ÌùRGBLEDµÆ)
Added Component: Designator=D48(WS2812B-3528£¬·´ÌùRGBLEDµÆ)
Added Component: Designator=D49(WS2812B-3528£¬·´ÌùRGBLEDµÆ)
Added Component: Designator=D50(WS2812B-3528£¬·´ÌùRGBLEDµÆ)
Added Component: Designator=D51(WS2812B-3528£¬·´ÌùRGBLEDµÆ)
Added Component: Designator=Q1(AO3400A)
Add component (AddParameter): Name = "Add into BOM"; Value = "yes"; VariantName = "[No Variations]"
Add component (AddParameter): Name = "Continuous Drain Current (Id)"; Value = "300mA"; VariantName = "[No Variations]"
Add component (AddParameter): Name = "Convert to PCB"; Value = "yes"; VariantName = "[No Variations]"
Add component (AddParameter): Name = "Datasheet"; Value = "https://atta.szlcsc.com/upload/public/pdf/source/20170103/1483439882638.pdf"; VariantName = "[No Variations]"
Add component (AddParameter): Name = "Device"; Value = "2N7002,215"; VariantName = "[No Variations]"
Add component (AddParameter): Name = "Drain Source On Resistance (RDS(on)@Vgs,Id)"; Value = "5¦¸@10V,500mA"; VariantName = "[No Variations]"
Add component (AddParameter): Name = "Drain Source Voltage (Vdss)"; Value = "60V"; VariantName = "[No Variations]"
Add component (AddParameter): Name = "Gate Threshold Voltage (Vgs(th)@Id)"; Value = "2.5V@250A"; VariantName = "[No Variations]"
Add component (AddParameter): Name = "JLCPCB Part Class"; Value = "Extended Part"; VariantName = "[No Variations]"
Add component (AddParameter): Name = "LCSC Part Name"; Value = "N¹µµÀ 60V 300mA"; VariantName = "[No Variations]"
Add component (AddParameter): Name = "Manufacturer"; Value = "Nexperia(°²ÊÀ)"; VariantName = "[No Variations]"
Add component (AddParameter): Name = "Manufacturer Part"; Value = "2N7002,215"; VariantName = "[No Variations]"
Add component (AddParameter): Name = "Name"; Value = ""; VariantName = "[No Variations]"
Add component (AddParameter): Name = "Power Dissipation (Pd)"; Value = "830mW"; VariantName = "[No Variations]"
Add component (AddParameter): Name = "Supplier"; Value = "LCSC"; VariantName = "[No Variations]"
Add component (AddParameter): Name = "Supplier Footprint"; Value = "SOT-23(SOT-23-3)"; VariantName = "[No Variations]"
Add component (AddParameter): Name = "Supplier Part"; Value = "C65189"; VariantName = "[No Variations]"
Add component (AddParameter): Name = "Symbol"; Value = "2N7002,215"; VariantName = "[No Variations]"
Add component (AddParameter): Name = "Type"; Value = "N¹µµÀ"; VariantName = "[No Variations]"
Added Component: Designator=R1(0603P)
Add component (AddParameter): Name = "LatestRevisionDate"; Value = "17-Jul-2002"; VariantName = "[No Variations]"
Add component (AddParameter): Name = "LatestRevisionNote"; Value = "Re-released for DXP Platform."; VariantName = "[No Variations]"
Add component (AddParameter): Name = "PackageDescription"; Value = "Axial Device, Thru-Hole; 2 Leads; 0.4 in Pin Spacing"; VariantName = "[No Variations]"
Add component (AddParameter): Name = "PackageReference"; Value = "AXIAL-0.4"; VariantName = "[No Variations]"
Add component (AddParameter): Name = "Published"; Value = "8-Jun-2000"; VariantName = "[No Variations]"
Add component (AddParameter): Name = "Publisher"; Value = "Altium Limited"; VariantName = "[No Variations]"
Add component (AddParameter): Name = "Value"; Value = "5.1K"; VariantName = "[No Variations]"
Added Component: Designator=R2(0603P)
Add component (AddParameter): Name = "LatestRevisionDate"; Value = "17-Jul-2002"; VariantName = "[No Variations]"
Add component (AddParameter): Name = "LatestRevisionNote"; Value = "Re-released for DXP Platform."; VariantName = "[No Variations]"
Add component (AddParameter): Name = "PackageDescription"; Value = "Axial Device, Thru-Hole; 2 Leads; 0.4 in Pin Spacing"; VariantName = "[No Variations]"
Add component (AddParameter): Name = "PackageReference"; Value = "AXIAL-0.4"; VariantName = "[No Variations]"
Add component (AddParameter): Name = "Published"; Value = "8-Jun-2000"; VariantName = "[No Variations]"
Add component (AddParameter): Name = "Publisher"; Value = "Altium Limited"; VariantName = "[No Variations]"
Add component (AddParameter): Name = "Value"; Value = "5.1K"; VariantName = "[No Variations]"
Added Component: Designator=R3(R 0603_L)
Add component (AddParameter): Name = "LatestRevisionDate"; Value = "17-Jul-2002"; VariantName = "[No Variations]"
Add component (AddParameter): Name = "LatestRevisionNote"; Value = "Re-released for DXP Platform."; VariantName = "[No Variations]"
Add component (AddParameter): Name = "PackageDescription"; Value = "Axial Device, Thru-Hole; 2 Leads; 0.4 in Pin Spacing"; VariantName = "[No Variations]"
Add component (AddParameter): Name = "PackageReference"; Value = "AXIAL-0.4"; VariantName = "[No Variations]"
Add component (AddParameter): Name = "Published"; Value = "8-Jun-2000"; VariantName = "[No Variations]"
Add component (AddParameter): Name = "Publisher"; Value = "Altium Limited"; VariantName = "[No Variations]"
Add component (AddParameter): Name = "Value"; Value = "10K"; VariantName = "[No Variations]"
Added Component: Designator=R4(R 0603_L)
Add component (AddParameter): Name = "LatestRevisionDate"; Value = "17-Jul-2002"; VariantName = "[No Variations]"
Add component (AddParameter): Name = "LatestRevisionNote"; Value = "Re-released for DXP Platform."; VariantName = "[No Variations]"
Add component (AddParameter): Name = "PackageDescription"; Value = "Axial Device, Thru-Hole; 2 Leads; 0.4 in Pin Spacing"; VariantName = "[No Variations]"
Add component (AddParameter): Name = "PackageReference"; Value = "AXIAL-0.4"; VariantName = "[No Variations]"
Add component (AddParameter): Name = "Published"; Value = "8-Jun-2000"; VariantName = "[No Variations]"
Add component (AddParameter): Name = "Publisher"; Value = "Altium Limited"; VariantName = "[No Variations]"
Add component (AddParameter): Name = "Value"; Value = "4.7K"; VariantName = "[No Variations]"
Added Component: Designator=R5(R 0603_L)
Add component (AddParameter): Name = "LatestRevisionDate"; Value = "17-Jul-2002"; VariantName = "[No Variations]"
Add component (AddParameter): Name = "LatestRevisionNote"; Value = "Re-released for DXP Platform."; VariantName = "[No Variations]"
Add component (AddParameter): Name = "PackageDescription"; Value = "Axial Device, Thru-Hole; 2 Leads; 0.4 in Pin Spacing"; VariantName = "[No Variations]"
Add component (AddParameter): Name = "PackageReference"; Value = "AXIAL-0.4"; VariantName = "[No Variations]"
Add component (AddParameter): Name = "Published"; Value = "8-Jun-2000"; VariantName = "[No Variations]"
Add component (AddParameter): Name = "Publisher"; Value = "Altium Limited"; VariantName = "[No Variations]"
Add component (AddParameter): Name = "Value"; Value = "4.7K"; VariantName = "[No Variations]"
Added Component: Designator=REST(SMD-3.2*4.2)
Add component (AddParameter): Name = "LatestRevisionDate"; Value = "17-Jul-2002"; VariantName = "[No Variations]"
Add component (AddParameter): Name = "LatestRevisionNote"; Value = "Re-released for DXP Platform."; VariantName = "[No Variations]"
Add component (AddParameter): Name = "PackageDescription"; Value = "Switch; 2 Leads"; VariantName = "[No Variations]"
Add component (AddParameter): Name = "PackageReference"; Value = "SPST-2"; VariantName = "[No Variations]"
Add component (AddParameter): Name = "Published"; Value = "24-Mar-1999"; VariantName = "[No Variations]"
Add component (AddParameter): Name = "Publisher"; Value = "Altium Limited"; VariantName = "[No Variations]"
Added Component: Designator=U1(SPX1117M3-L-3-3/TR)
Add component (AddParameter): Name = "Add into BOM"; Value = "yes"; VariantName = "[No Variations]"
Add component (AddParameter): Name = "Convert to PCB"; Value = "yes"; VariantName = "[No Variations]"
Add component (AddParameter): Name = "Datasheet"; Value = "https://atta.szlcsc.com/upload/public/pdf/source/20160416/1460799387250.pdf"; VariantName = "[No Variations]"
Add component (AddParameter): Name = "Device"; Value = "LM317G-AA3-R"; VariantName = "[No Variations]"
Add component (AddParameter): Name = "Dropout Voltage"; Value = "5V@(10mA)"; VariantName = "[No Variations]"
Add component (AddParameter): Name = "JLCPCB Part Class"; Value = "Extended Part"; VariantName = "[No Variations]"
Add component (AddParameter): Name = "LCSC Part Name"; Value = "Vin=40V Vout=1.3V~37V 1A"; VariantName = "[No Variations]"
Add component (AddParameter): Name = "Manufacturer"; Value = "UTC(ÓÑË³)"; VariantName = "[No Variations]"
Add component (AddParameter): Name = "Manufacturer Part"; Value = "LM317G-AA3-R"; VariantName = "[No Variations]"
Add component (AddParameter): Name = "Maximum Input Voltage"; Value = "40V"; VariantName = "[No Variations]"
Add component (AddParameter): Name = "Name"; Value = ""; VariantName = "[No Variations]"
Add component (AddParameter): Name = "Number of Outputs"; Value = "1"; VariantName = "[No Variations]"
Add component (AddParameter): Name = "Output Current"; Value = "1A"; VariantName = "[No Variations]"
Add component (AddParameter): Name = "Output Polarity"; Value = "Õý"; VariantName = "[No Variations]"
Add component (AddParameter): Name = "Output Type"; Value = "¿Éµ÷"; VariantName = "[No Variations]"
Add component (AddParameter): Name = "Output Voltage"; Value = "1.3V~37V"; VariantName = "[No Variations]"
Add component (AddParameter): Name = "Supplier"; Value = "LCSC"; VariantName = "[No Variations]"
Add component (AddParameter): Name = "Supplier Footprint"; Value = "SOT-223"; VariantName = "[No Variations]"
Add component (AddParameter): Name = "Supplier Part"; Value = "C19651"; VariantName = "[No Variations]"
Add component (AddParameter): Name = "Symbol"; Value = "LM317G-AA3-R"; VariantName = "[No Variations]"
Added Component: Designator=X?(HC-49S_L11.4-W4.8)
Add component (AddParameter): Name = "Add into BOM"; Value = "yes"; VariantName = "[No Variations]"
Add component (AddParameter): Name = "Convert to PCB"; Value = "yes"; VariantName = "[No Variations]"
Add component (AddParameter): Name = "Crystal Type"; Value = "49SMD"; VariantName = "[No Variations]"
Add component (AddParameter): Name = "Datasheet"; Value = "https://atta.szlcsc.com/upload/public/pdf/source/20210329/C106809_0E91E60850A780B284B63D653DC40EA4.pdf"; VariantName = "[No Variations]"
Add component (AddParameter): Name = "Device"; Value = "X49SM16MSD2SC"; VariantName = "[No Variations]"
Add component (AddParameter): Name = "Frequency Stability"; Value = "¡À30ppm"; VariantName = "[No Variations]"
Add component (AddParameter): Name = "Frequency Tolerance"; Value = "¡À20ppm"; VariantName = "[No Variations]"
Add component (AddParameter): Name = "JLCPCB Part Class"; Value = "Extended Part"; VariantName = "[No Variations]"
Add component (AddParameter): Name = "LCSC Part Name"; Value = "HC-49SMD 16MHz ¡À20ppm 20pF"; VariantName = "[No Variations]"
Add component (AddParameter): Name = "Load Capacitance"; Value = "20pF"; VariantName = "[No Variations]"
Add component (AddParameter): Name = "Manufacturer"; Value = "YXC(ÑïÐË¾§Õñ)"; VariantName = "[No Variations]"
Add component (AddParameter): Name = "Manufacturer Part"; Value = "X49SM16MSD2SC"; VariantName = "[No Variations]"
Add component (AddParameter): Name = "Name"; Value = "16MHz"; VariantName = "[No Variations]"
Add component (AddParameter): Name = "Operating Temperature"; Value = "-20¡æ~+70¡æ"; VariantName = "[No Variations]"
Add component (AddParameter): Name = "Supplier"; Value = "LCSC"; VariantName = "[No Variations]"
Add component (AddParameter): Name = "Supplier Footprint"; Value = "HC-49S-SMD-2P"; VariantName = "[No Variations]"
Add component (AddParameter): Name = "Supplier Part"; Value = "C12676"; VariantName = "[No Variations]"
Add component (AddParameter): Name = "Symbol"; Value = "X49SM16MSD2SC"; VariantName = "[No Variations]"
Add component (AddParameter): Name = "Value"; Value = "16MHz"; VariantName = "[No Variations]"
Added Pin To Net: NetName=AREF Pin=MCU-42
Added Net: Name=AREF
Added Pin To Net: NetName=D+ Pin=MCU-4
Added Pin To Net: NetName=D+ Pin=USB1-A6
Added Pin To Net: NetName=D+ Pin=USB1-B6
Added Net: Name=D+
Added Pin To Net: NetName=D- Pin=MCU-3
Added Pin To Net: NetName=D- Pin=USB1-A7
Added Pin To Net: NetName=D- Pin=USB1-B7
Added Net: Name=D-
Added Pin To Net: NetName=DIN_1 Pin=CAPSLK-6
Added Pin To Net: NetName=DIN_1 Pin=|-4
Added Net: Name=DIN_1
Added Pin To Net: NetName=DIN_2 Pin=ENTER-4
Added Pin To Net: NetName=DIN_2 Pin=SHIFT_L-6
Added Net: Name=DIN_2
Added Pin To Net: NetName=DIN_3 Pin=B-6
Added Pin To Net: NetName=DIN_3 Pin=V-4
Added Net: Name=DIN_3
Added Pin To Net: NetName=DIN_3V3_1(PC6) Pin=MCU-31
Added Pin To Net: NetName=DIN_3V3_1(PC6) Pin=Q1-2
Added Pin To Net: NetName=DIN_3V3_1(PC6) Pin=R4-1
Added Net: Name=DIN_3V3_1(PC6)
Added Pin To Net: NetName=DIN_4 Pin=SHIFT_R-6
Added Pin To Net: NetName=DIN_4 Pin=UP-4
Added Net: Name=DIN_4
Added Pin To Net: NetName=DIN_5 Pin=CTRL_L-6
Added Pin To Net: NetName=DIN_5 Pin=SHIFT_R-4
Added Net: Name=DIN_5
Added Pin To Net: NetName=DIN_6 Pin=DOWN-6
Added Pin To Net: NetName=DIN_6 Pin=LIFT-4
Added Net: Name=DIN_6
Added Pin To Net: NetName=DIN_7 Pin=D43-2
Added Pin To Net: NetName=DIN_7 Pin=RIGHT-4
Added Net: Name=DIN_7
Added Pin To Net: NetName=DIN_8 Pin=D45-4
Added Pin To Net: NetName=DIN_8 Pin=D46-2
Added Net: Name=DIN_8
Added Pin To Net: NetName=DIN_9 Pin=D48-4
Added Pin To Net: NetName=DIN_9 Pin=D49-2
Added Net: Name=DIN_9
Added Pin To Net: NetName=DIN Pin=ESC-6
Added Pin To Net: NetName=DIN Pin=Q1-3
Added Pin To Net: NetName=DIN Pin=R5-1
Added Net: Name=DIN
Added Pin To Net: NetName=GND Pin=<-5
Added Pin To Net: NetName=GND Pin=A-5
Added Pin To Net: NetName=GND Pin=ALT_L-5
Added Pin To Net: NetName=GND Pin=B-5
Added Pin To Net: NetName=GND Pin=C-5
Added Pin To Net: NetName=GND Pin=C1-1
Added Pin To Net: NetName=GND Pin=C2-1
Added Pin To Net: NetName=GND Pin=C3-1
Added Pin To Net: NetName=GND Pin=C4-1
Added Pin To Net: NetName=GND Pin=C5-1
Added Pin To Net: NetName=GND Pin=C6-1
Added Pin To Net: NetName=GND Pin=C7-1
Added Pin To Net: NetName=GND Pin=C8-1
Added Pin To Net: NetName=GND Pin=C9-1
Added Pin To Net: NetName=GND Pin=C10-1
Added Pin To Net: NetName=GND Pin=C11-1
Added Pin To Net: NetName=GND Pin=C12-1
Added Pin To Net: NetName=GND Pin=C13-1
Added Pin To Net: NetName=GND Pin=CAPSLK-5
Added Pin To Net: NetName=GND Pin=CTRL_L-5
Added Pin To Net: NetName=GND Pin=D-5
Added Pin To Net: NetName=GND Pin=D43-1
Added Pin To Net: NetName=GND Pin=D44-1
Added Pin To Net: NetName=GND Pin=D45-1
Added Pin To Net: NetName=GND Pin=D46-1
Added Pin To Net: NetName=GND Pin=D47-1
Added Pin To Net: NetName=GND Pin=D48-1
Added Pin To Net: NetName=GND Pin=D49-1
Added Pin To Net: NetName=GND Pin=D50-1
Added Pin To Net: NetName=GND Pin=D51-1
Added Pin To Net: NetName=GND Pin=DOWN-5
Added Pin To Net: NetName=GND Pin=E-5
Added Pin To Net: NetName=GND Pin=ENTER-5
Added Pin To Net: NetName=GND Pin=ESC-5
Added Pin To Net: NetName=GND Pin=F-5
Added Pin To Net: NetName=GND Pin=G-5
Added Pin To Net: NetName=GND Pin=H-5
Added Pin To Net: NetName=GND Pin=I-5
Added Pin To Net: NetName=GND Pin=J-5
Added Pin To Net: NetName=GND Pin=K-5
Added Pin To Net: NetName=GND Pin=L-5
Added Pin To Net: NetName=GND Pin=LIFT-5
Added Pin To Net: NetName=GND Pin=M-5
Added Pin To Net: NetName=GND Pin=MCU-5
Added Pin To Net: NetName=GND Pin=MCU-15
Added Pin To Net: NetName=GND Pin=MCU-23
Added Pin To Net: NetName=GND Pin=MCU-35
Added Pin To Net: NetName=GND Pin=MCU-43
Added Pin To Net: NetName=GND Pin=N-5
Added Pin To Net: NetName=GND Pin=O-5
Added Pin To Net: NetName=GND Pin=P-5
Added Pin To Net: NetName=GND Pin=Q-5
Added Pin To Net: NetName=GND Pin=R-5
Added Pin To Net: NetName=GND Pin=R1-2
Added Pin To Net: NetName=GND Pin=R2-1
Added Pin To Net: NetName=GND Pin=REST-2
Added Pin To Net: NetName=GND Pin=REST-2
Added Pin To Net: NetName=GND Pin=RIGHT-5
Added Pin To Net: NetName=GND Pin=S-5
Added Pin To Net: NetName=GND Pin=SHIFT_L-5
Added Pin To Net: NetName=GND Pin=SHIFT_R-5
Added Pin To Net: NetName=GND Pin=SPACE_L-5
Added Pin To Net: NetName=GND Pin=SPACE_R-5
Added Pin To Net: NetName=GND Pin=T-5
Added Pin To Net: NetName=GND Pin=U-5
Added Pin To Net: NetName=GND Pin=U1-1
Added Pin To Net: NetName=GND Pin=UP-5
Added Pin To Net: NetName=GND Pin=USB1-0
Added Pin To Net: NetName=GND Pin=USB1-1
Added Pin To Net: NetName=GND Pin=USB1-2
Added Pin To Net: NetName=GND Pin=USB1-3
Added Pin To Net: NetName=GND Pin=USB1-A1
Added Pin To Net: NetName=GND Pin=USB1-A12
Added Pin To Net: NetName=GND Pin=USB1-B1
Added Pin To Net: NetName=GND Pin=USB1-B12
Added Pin To Net: NetName=GND Pin=V-5
Added Pin To Net: NetName=GND Pin=W-5
Added Pin To Net: NetName=GND Pin=WIN-5
Added Pin To Net: NetName=GND Pin=X-5
Added Pin To Net: NetName=GND Pin=Y-5
Added Pin To Net: NetName=GND Pin=Z-5
Added Pin To Net: NetName=GND Pin=|-5
Added Net: Name=GND
Added Pin To Net: NetName=KEY_POST1 Pin=E-1
Added Pin To Net: NetName=KEY_POST1 Pin=ESC-1
Added Pin To Net: NetName=KEY_POST1 Pin=I-1
Added Pin To Net: NetName=KEY_POST1 Pin=MCU-8
Added Pin To Net: NetName=KEY_POST1 Pin=O-1
Added Pin To Net: NetName=KEY_POST1 Pin=P-1
Added Pin To Net: NetName=KEY_POST1 Pin=Q-1
Added Pin To Net: NetName=KEY_POST1 Pin=R-1
Added Pin To Net: NetName=KEY_POST1 Pin=T-1
Added Pin To Net: NetName=KEY_POST1 Pin=U-1
Added Pin To Net: NetName=KEY_POST1 Pin=W-1
Added Pin To Net: NetName=KEY_POST1 Pin=Y-1
Added Pin To Net: NetName=KEY_POST1 Pin=|-1
Added Net: Name=KEY_POST1
Added Pin To Net: NetName=KEY_POST2 Pin=A-1
Added Pin To Net: NetName=KEY_POST2 Pin=CAPSLK-1
Added Pin To Net: NetName=KEY_POST2 Pin=D-1
Added Pin To Net: NetName=KEY_POST2 Pin=ENTER-1
Added Pin To Net: NetName=KEY_POST2 Pin=F-1
Added Pin To Net: NetName=KEY_POST2 Pin=G-1
Added Pin To Net: NetName=KEY_POST2 Pin=H-1
Added Pin To Net: NetName=KEY_POST2 Pin=J-1
Added Pin To Net: NetName=KEY_POST2 Pin=K-1
Added Pin To Net: NetName=KEY_POST2 Pin=L-1
Added Pin To Net: NetName=KEY_POST2 Pin=MCU-9
Added Pin To Net: NetName=KEY_POST2 Pin=S-1
Added Net: Name=KEY_POST2
Added Pin To Net: NetName=KEY_POST3 Pin=<-1
Added Pin To Net: NetName=KEY_POST3 Pin=B-1
Added Pin To Net: NetName=KEY_POST3 Pin=C-1
Added Pin To Net: NetName=KEY_POST3 Pin=M-1
Added Pin To Net: NetName=KEY_POST3 Pin=MCU-10
Added Pin To Net: NetName=KEY_POST3 Pin=N-1
Added Pin To Net: NetName=KEY_POST3 Pin=SHIFT_L-1
Added Pin To Net: NetName=KEY_POST3 Pin=SHIFT_R-1
Added Pin To Net: NetName=KEY_POST3 Pin=UP-1
Added Pin To Net: NetName=KEY_POST3 Pin=V-1
Added Pin To Net: NetName=KEY_POST3 Pin=X-1
Added Pin To Net: NetName=KEY_POST3 Pin=Z-1
Added Net: Name=KEY_POST3
Added Pin To Net: NetName=KEY_POST4 Pin=ALT_L-1
Added Pin To Net: NetName=KEY_POST4 Pin=CTRL_L-1
Added Pin To Net: NetName=KEY_POST4 Pin=DOWN-1
Added Pin To Net: NetName=KEY_POST4 Pin=LIFT-1
Added Pin To Net: NetName=KEY_POST4 Pin=MCU-11
Added Pin To Net: NetName=KEY_POST4 Pin=RIGHT-1
Added Pin To Net: NetName=KEY_POST4 Pin=SPACE_L-1
Added Pin To Net: NetName=KEY_POST4 Pin=SPACE_R-1
Added Pin To Net: NetName=KEY_POST4 Pin=WIN-1
Added Net: Name=KEY_POST4
Added Pin To Net: NetName=KEY_SEG1 Pin=D1-2
Added Pin To Net: NetName=KEY_SEG1 Pin=D13-2
Added Pin To Net: NetName=KEY_SEG1 Pin=D24-2
Added Pin To Net: NetName=KEY_SEG1 Pin=D35-2
Added Pin To Net: NetName=KEY_SEG1 Pin=MCU-28
Added Net: Name=KEY_SEG1
Added Pin To Net: NetName=KEY_SEG2 Pin=D2-2
Added Pin To Net: NetName=KEY_SEG2 Pin=D14-2
Added Pin To Net: NetName=KEY_SEG2 Pin=D36-2
Added Pin To Net: NetName=KEY_SEG2 Pin=MCU-29
Added Net: Name=KEY_SEG2
Added Pin To Net: NetName=KEY_SEG3 Pin=D3-2
Added Pin To Net: NetName=KEY_SEG3 Pin=D15-2
Added Pin To Net: NetName=KEY_SEG3 Pin=D25-2
Added Pin To Net: NetName=KEY_SEG3 Pin=D37-2
Added Pin To Net: NetName=KEY_SEG3 Pin=MCU-30
Added Net: Name=KEY_SEG3
Added Pin To Net: NetName=KEY_SEG4 Pin=D4-2
Added Pin To Net: NetName=KEY_SEG4 Pin=D16-2
Added Pin To Net: NetName=KEY_SEG4 Pin=D26-2
Added Pin To Net: NetName=KEY_SEG4 Pin=MCU-12
Added Net: Name=KEY_SEG4
Added Pin To Net: NetName=KEY_SEG5 Pin=D5-2
Added Pin To Net: NetName=KEY_SEG5 Pin=D17-2
Added Pin To Net: NetName=KEY_SEG5 Pin=D27-2
Added Pin To Net: NetName=KEY_SEG5 Pin=D38-2
Added Pin To Net: NetName=KEY_SEG5 Pin=MCU-18
Added Net: Name=KEY_SEG5
Added Pin To Net: NetName=KEY_SEG6 Pin=D6-2
Added Pin To Net: NetName=KEY_SEG6 Pin=D18-2
Added Pin To Net: NetName=KEY_SEG6 Pin=D28-2
Added Pin To Net: NetName=KEY_SEG6 Pin=MCU-19
Added Net: Name=KEY_SEG6
Added Pin To Net: NetName=KEY_SEG7 Pin=D7-2
Added Pin To Net: NetName=KEY_SEG7 Pin=D19-2
Added Pin To Net: NetName=KEY_SEG7 Pin=D29-2
Added Pin To Net: NetName=KEY_SEG7 Pin=MCU-20
Added Net: Name=KEY_SEG7
Added Pin To Net: NetName=KEY_SEG8 Pin=D8-2
Added Pin To Net: NetName=KEY_SEG8 Pin=D20-2
Added Pin To Net: NetName=KEY_SEG8 Pin=D30-2
Added Pin To Net: NetName=KEY_SEG8 Pin=D39-2
Added Pin To Net: NetName=KEY_SEG8 Pin=MCU-21
Added Net: Name=KEY_SEG8
Added Pin To Net: NetName=KEY_SEG9 Pin=D9-2
Added Pin To Net: NetName=KEY_SEG9 Pin=D21-2
Added Pin To Net: NetName=KEY_SEG9 Pin=D31-2
Added Pin To Net: NetName=KEY_SEG9 Pin=MCU-25
Added Net: Name=KEY_SEG9
Added Pin To Net: NetName=KEY_SEG10 Pin=D10-2
Added Pin To Net: NetName=KEY_SEG10 Pin=D22-2
Added Pin To Net: NetName=KEY_SEG10 Pin=D32-2
Added Pin To Net: NetName=KEY_SEG10 Pin=D40-2
Added Pin To Net: NetName=KEY_SEG10 Pin=MCU-22
Added Net: Name=KEY_SEG10
Added Pin To Net: NetName=KEY_SEG11 Pin=D11-2
Added Pin To Net: NetName=KEY_SEG11 Pin=D33-2
Added Pin To Net: NetName=KEY_SEG11 Pin=D41-2
Added Pin To Net: NetName=KEY_SEG11 Pin=MCU-26
Added Net: Name=KEY_SEG11
Added Pin To Net: NetName=KEY_SEG12 Pin=D12-2
Added Pin To Net: NetName=KEY_SEG12 Pin=D23-2
Added Pin To Net: NetName=KEY_SEG12 Pin=D34-2
Added Pin To Net: NetName=KEY_SEG12 Pin=D42-2
Added Pin To Net: NetName=KEY_SEG12 Pin=MCU-27
Added Net: Name=KEY_SEG12
Added Pin To Net: NetName=Net<_2 Pin=<-2
Added Pin To Net: NetName=Net<_2 Pin=D32-1
Added Net: Name=Net<_2
Added Pin To Net: NetName=Net<_4 Pin=<-4
Added Pin To Net: NetName=Net<_4 Pin=UP-6
Added Net: Name=Net<_4
Added Pin To Net: NetName=Net<_6 Pin=<-6
Added Pin To Net: NetName=Net<_6 Pin=M-4
Added Net: Name=Net<_6
Added Pin To Net: NetName=NetA_2 Pin=A-2
Added Pin To Net: NetName=NetA_2 Pin=D14-1
Added Net: Name=NetA_2
Added Pin To Net: NetName=NetA_4 Pin=A-4
Added Pin To Net: NetName=NetA_4 Pin=S-6
Added Net: Name=NetA_4
Added Pin To Net: NetName=NetA_6 Pin=A-6
Added Pin To Net: NetName=NetA_6 Pin=CAPSLK-4
Added Net: Name=NetA_6
Added Pin To Net: NetName=NetALT_L_2 Pin=ALT_L-2
Added Pin To Net: NetName=NetALT_L_2 Pin=D37-1
Added Net: Name=NetALT_L_2
Added Pin To Net: NetName=NetALT_L_4 Pin=ALT_L-4
Added Pin To Net: NetName=NetALT_L_4 Pin=SPACE_L-6
Added Net: Name=NetALT_L_4
Added Pin To Net: NetName=NetALT_L_6 Pin=ALT_L-6
Added Pin To Net: NetName=NetALT_L_6 Pin=WIN-4
Added Net: Name=NetALT_L_6
Added Pin To Net: NetName=NetB_2 Pin=B-2
Added Pin To Net: NetName=NetB_2 Pin=D29-1
Added Net: Name=NetB_2
Added Pin To Net: NetName=NetB_4 Pin=B-4
Added Pin To Net: NetName=NetB_4 Pin=N-6
Added Net: Name=NetB_4
Added Pin To Net: NetName=NetC_2 Pin=C-2
Added Pin To Net: NetName=NetC_2 Pin=D27-1
Added Net: Name=NetC_2
Added Pin To Net: NetName=NetC_4 Pin=C-4
Added Pin To Net: NetName=NetC_4 Pin=V-6
Added Net: Name=NetC_4
Added Pin To Net: NetName=NetC_6 Pin=C-6
Added Pin To Net: NetName=NetC_6 Pin=X-4
Added Net: Name=NetC_6
Added Pin To Net: NetName=NetCAPSLK_2 Pin=CAPSLK-2
Added Pin To Net: NetName=NetCAPSLK_2 Pin=D13-1
Added Net: Name=NetCAPSLK_2
Added Pin To Net: NetName=NetCTRL_L_2 Pin=CTRL_L-2
Added Pin To Net: NetName=NetCTRL_L_2 Pin=D35-1
Added Net: Name=NetCTRL_L_2
Added Pin To Net: NetName=NetCTRL_L_4 Pin=CTRL_L-4
Added Pin To Net: NetName=NetCTRL_L_4 Pin=WIN-6
Added Net: Name=NetCTRL_L_4
Added Pin To Net: NetName=NetD1_1 Pin=D1-1
Added Pin To Net: NetName=NetD1_1 Pin=ESC-2
Added Net: Name=NetD1_1
Added Pin To Net: NetName=NetD2_1 Pin=D2-1
Added Pin To Net: NetName=NetD2_1 Pin=Q-2
Added Net: Name=NetD2_1
Added Pin To Net: NetName=NetD3_1 Pin=D3-1
Added Pin To Net: NetName=NetD3_1 Pin=W-2
Added Net: Name=NetD3_1
Added Pin To Net: NetName=NetD4_1 Pin=D4-1
Added Pin To Net: NetName=NetD4_1 Pin=E-2
Added Net: Name=NetD4_1
Added Pin To Net: NetName=NetD5_1 Pin=D5-1
Added Pin To Net: NetName=NetD5_1 Pin=R-2
Added Net: Name=NetD5_1
Added Pin To Net: NetName=NetD6_1 Pin=D6-1
Added Pin To Net: NetName=NetD6_1 Pin=T-2
Added Net: Name=NetD6_1
Added Pin To Net: NetName=NetD7_1 Pin=D7-1
Added Pin To Net: NetName=NetD7_1 Pin=Y-2
Added Net: Name=NetD7_1
Added Pin To Net: NetName=NetD8_1 Pin=D8-1
Added Pin To Net: NetName=NetD8_1 Pin=U-2
Added Net: Name=NetD8_1
Added Pin To Net: NetName=NetD9_1 Pin=D9-1
Added Pin To Net: NetName=NetD9_1 Pin=I-2
Added Net: Name=NetD9_1
Added Pin To Net: NetName=NetD10_1 Pin=D10-1
Added Pin To Net: NetName=NetD10_1 Pin=O-2
Added Net: Name=NetD10_1
Added Pin To Net: NetName=NetD11_1 Pin=D11-1
Added Pin To Net: NetName=NetD11_1 Pin=P-2
Added Net: Name=NetD11_1
Added Pin To Net: NetName=NetD12_1 Pin=D12-1
Added Pin To Net: NetName=NetD12_1 Pin=|-2
Added Net: Name=NetD12_1
Added Pin To Net: NetName=NetD15_1 Pin=D15-1
Added Pin To Net: NetName=NetD15_1 Pin=S-2
Added Net: Name=NetD15_1
Added Pin To Net: NetName=NetD16_1 Pin=D-2
Added Pin To Net: NetName=NetD16_1 Pin=D16-1
Added Net: Name=NetD16_1
Added Pin To Net: NetName=NetD17_1 Pin=D17-1
Added Pin To Net: NetName=NetD17_1 Pin=F-2
Added Net: Name=NetD17_1
Added Pin To Net: NetName=NetD18_1 Pin=D18-1
Added Pin To Net: NetName=NetD18_1 Pin=G-2
Added Net: Name=NetD18_1
Added Pin To Net: NetName=NetD19_1 Pin=D19-1
Added Pin To Net: NetName=NetD19_1 Pin=H-2
Added Net: Name=NetD19_1
Added Pin To Net: NetName=NetD20_1 Pin=D20-1
Added Pin To Net: NetName=NetD20_1 Pin=J-2
Added Net: Name=NetD20_1
Added Pin To Net: NetName=NetD21_1 Pin=D21-1
Added Pin To Net: NetName=NetD21_1 Pin=K-2
Added Net: Name=NetD21_1
Added Pin To Net: NetName=NetD22_1 Pin=D22-1
Added Pin To Net: NetName=NetD22_1 Pin=L-2
Added Net: Name=NetD22_1
Added Pin To Net: NetName=NetD23_1 Pin=D23-1
Added Pin To Net: NetName=NetD23_1 Pin=ENTER-2
Added Net: Name=NetD23_1
Added Pin To Net: NetName=NetD24_1 Pin=D24-1
Added Pin To Net: NetName=NetD24_1 Pin=SHIFT_L-2
Added Net: Name=NetD24_1
Added Pin To Net: NetName=NetD25_1 Pin=D25-1
Added Pin To Net: NetName=NetD25_1 Pin=Z-2
Added Net: Name=NetD25_1
Added Pin To Net: NetName=NetD26_1 Pin=D26-1
Added Pin To Net: NetName=NetD26_1 Pin=X-2
Added Net: Name=NetD26_1
Added Pin To Net: NetName=NetD28_1 Pin=D28-1
Added Pin To Net: NetName=NetD28_1 Pin=V-2
Added Net: Name=NetD28_1
Added Pin To Net: NetName=NetD30_1 Pin=D30-1
Added Pin To Net: NetName=NetD30_1 Pin=N-2
Added Net: Name=NetD30_1
Added Pin To Net: NetName=NetD31_1 Pin=D31-1
Added Pin To Net: NetName=NetD31_1 Pin=M-2
Added Net: Name=NetD31_1
Added Pin To Net: NetName=NetD33_1 Pin=D33-1
Added Pin To Net: NetName=NetD33_1 Pin=UP-2
Added Net: Name=NetD33_1
Added Pin To Net: NetName=NetD34_1 Pin=D34-1
Added Pin To Net: NetName=NetD34_1 Pin=SHIFT_R-2
Added Net: Name=NetD34_1
Added Pin To Net: NetName=NetD36_1 Pin=D36-1
Added Pin To Net: NetName=NetD36_1 Pin=WIN-2
Added Net: Name=NetD36_1
Added Pin To Net: NetName=NetD38_1 Pin=D38-1
Added Pin To Net: NetName=NetD38_1 Pin=SPACE_L-2
Added Net: Name=NetD38_1
Added Pin To Net: NetName=NetD39_1 Pin=D39-1
Added Pin To Net: NetName=NetD39_1 Pin=SPACE_R-2
Added Net: Name=NetD39_1
Added Pin To Net: NetName=NetD40_1 Pin=D40-1
Added Pin To Net: NetName=NetD40_1 Pin=LIFT-2
Added Net: Name=NetD40_1
Added Pin To Net: NetName=NetD41_1 Pin=D41-1
Added Pin To Net: NetName=NetD41_1 Pin=DOWN-2
Added Net: Name=NetD41_1
Added Pin To Net: NetName=NetD42_1 Pin=D42-1
Added Pin To Net: NetName=NetD42_1 Pin=RIGHT-2
Added Net: Name=NetD42_1
Added Pin To Net: NetName=NetD43_4 Pin=D43-4
Added Pin To Net: NetName=NetD43_4 Pin=D44-2
Added Net: Name=NetD43_4
Added Pin To Net: NetName=NetD44_4 Pin=D44-4
Added Pin To Net: NetName=NetD44_4 Pin=D45-2
Added Net: Name=NetD44_4
Added Pin To Net: NetName=NetD46_4 Pin=D46-4
Added Pin To Net: NetName=NetD46_4 Pin=D47-2
Added Net: Name=NetD46_4
Added Pin To Net: NetName=NetD47_4 Pin=D47-4
Added Pin To Net: NetName=NetD47_4 Pin=D48-2
Added Net: Name=NetD47_4
Added Pin To Net: NetName=NetD49_4 Pin=D49-4
Added Pin To Net: NetName=NetD49_4 Pin=D50-2
Added Net: Name=NetD49_4
Added Pin To Net: NetName=NetD50_4 Pin=D50-4
Added Pin To Net: NetName=NetD50_4 Pin=D51-2
Added Net: Name=NetD50_4
Added Pin To Net: NetName=NetD_4 Pin=D-4
Added Pin To Net: NetName=NetD_4 Pin=F-6
Added Net: Name=NetD_4
Added Pin To Net: NetName=NetD_6 Pin=D-6
Added Pin To Net: NetName=NetD_6 Pin=S-4
Added Net: Name=NetD_6
Added Pin To Net: NetName=NetDOWN_4 Pin=DOWN-4
Added Pin To Net: NetName=NetDOWN_4 Pin=RIGHT-6
Added Net: Name=NetDOWN_4
Added Pin To Net: NetName=NetE_4 Pin=E-4
Added Pin To Net: NetName=NetE_4 Pin=R-6
Added Net: Name=NetE_4
Added Pin To Net: NetName=NetE_6 Pin=E-6
Added Pin To Net: NetName=NetE_6 Pin=W-4
Added Net: Name=NetE_6
Added Pin To Net: NetName=NetENTER_6 Pin=ENTER-6
Added Pin To Net: NetName=NetENTER_6 Pin=L-4
Added Net: Name=NetENTER_6
Added Pin To Net: NetName=NetESC_4 Pin=ESC-4
Added Pin To Net: NetName=NetESC_4 Pin=Q-6
Added Net: Name=NetESC_4
Added Pin To Net: NetName=NetF_4 Pin=F-4
Added Pin To Net: NetName=NetF_4 Pin=G-6
Added Net: Name=NetF_4
Added Pin To Net: NetName=NetG_4 Pin=G-4
Added Pin To Net: NetName=NetG_4 Pin=H-6
Added Net: Name=NetG_4
Added Pin To Net: NetName=NetH_4 Pin=H-4
Added Pin To Net: NetName=NetH_4 Pin=J-6
Added Net: Name=NetH_4
Added Pin To Net: NetName=NetI_4 Pin=I-4
Added Pin To Net: NetName=NetI_4 Pin=O-6
Added Net: Name=NetI_4
Added Pin To Net: NetName=NetI_6 Pin=I-6
Added Pin To Net: NetName=NetI_6 Pin=U-4
Added Net: Name=NetI_6
Added Pin To Net: NetName=NetJ_4 Pin=J-4
Added Pin To Net: NetName=NetJ_4 Pin=K-6
Added Net: Name=NetJ_4
Added Pin To Net: NetName=NetK_4 Pin=K-4
Added Pin To Net: NetName=NetK_4 Pin=L-6
Added Net: Name=NetK_4
Added Pin To Net: NetName=NetLIFT_6 Pin=LIFT-6
Added Pin To Net: NetName=NetLIFT_6 Pin=SPACE_R-4
Added Net: Name=NetLIFT_6
Added Pin To Net: NetName=NetM_6 Pin=M-6
Added Pin To Net: NetName=NetM_6 Pin=N-4
Added Net: Name=NetM_6
Added Pin To Net: NetName=NetO_4 Pin=O-4
Added Pin To Net: NetName=NetO_4 Pin=P-6
Added Net: Name=NetO_4
Added Pin To Net: NetName=NetP_4 Pin=P-4
Added Pin To Net: NetName=NetP_4 Pin=|-6
Added Net: Name=NetP_4
Added Pin To Net: NetName=NetQ_4 Pin=Q-4
Added Pin To Net: NetName=NetQ_4 Pin=W-6
Added Net: Name=NetQ_4
Added Pin To Net: NetName=NetR1_1 Pin=R1-1
Added Pin To Net: NetName=NetR1_1 Pin=USB1-A5
Added Net: Name=NetR1_1
Added Pin To Net: NetName=NetR2_2 Pin=R2-2
Added Pin To Net: NetName=NetR2_2 Pin=USB1-B5
Added Net: Name=NetR2_2
Added Pin To Net: NetName=NetR_4 Pin=R-4
Added Pin To Net: NetName=NetR_4 Pin=T-6
Added Net: Name=NetR_4
Added Pin To Net: NetName=NetSHIFT_L_4 Pin=SHIFT_L-4
Added Pin To Net: NetName=NetSHIFT_L_4 Pin=Z-6
Added Net: Name=NetSHIFT_L_4
Added Pin To Net: NetName=NetSPACE_L_4 Pin=SPACE_L-4
Added Pin To Net: NetName=NetSPACE_L_4 Pin=SPACE_R-6
Added Net: Name=NetSPACE_L_4
Added Pin To Net: NetName=NetT_4 Pin=T-4
Added Pin To Net: NetName=NetT_4 Pin=Y-6
Added Net: Name=NetT_4
Added Pin To Net: NetName=NetU_6 Pin=U-6
Added Pin To Net: NetName=NetU_6 Pin=Y-4
Added Net: Name=NetU_6
Added Pin To Net: NetName=NetX_6 Pin=X-6
Added Pin To Net: NetName=NetX_6 Pin=Z-4
Added Net: Name=NetX_6
Added Pin To Net: NetName=PC7 Pin=MCU-32
Added Net: Name=PC7
Added Pin To Net: NetName=PE2 Pin=MCU-33
Added Net: Name=PE2
Added Pin To Net: NetName=PE6 Pin=MCU-1
Added Net: Name=PE6
Added Pin To Net: NetName=PF0 Pin=MCU-41
Added Net: Name=PF0
Added Pin To Net: NetName=PF1 Pin=MCU-40
Added Net: Name=PF1
Added Pin To Net: NetName=PF4 Pin=MCU-39
Added Net: Name=PF4
Added Pin To Net: NetName=PF5 Pin=MCU-38
Added Net: Name=PF5
Added Pin To Net: NetName=PF6 Pin=MCU-37
Added Net: Name=PF6
Added Pin To Net: NetName=PF7 Pin=MCU-36
Added Net: Name=PF7
Added Pin To Net: NetName=REST Pin=MCU-13
Added Pin To Net: NetName=REST Pin=R3-2
Added Pin To Net: NetName=REST Pin=REST-1
Added Pin To Net: NetName=REST Pin=REST-1
Added Net: Name=REST
Added Pin To Net: NetName=UCap Pin=C13-2
Added Pin To Net: NetName=UCap Pin=MCU-6
Added Net: Name=UCap
Added Pin To Net: NetName=VBUS Pin=<-3
Added Pin To Net: NetName=VBUS Pin=A-3
Added Pin To Net: NetName=VBUS Pin=ALT_L-3
Added Pin To Net: NetName=VBUS Pin=B-3
Added Pin To Net: NetName=VBUS Pin=C-3
Added Pin To Net: NetName=VBUS Pin=C3-2
Added Pin To Net: NetName=VBUS Pin=C4-2
Added Pin To Net: NetName=VBUS Pin=C5-2
Added Pin To Net: NetName=VBUS Pin=C6-2
Added Pin To Net: NetName=VBUS Pin=C7-2
Added Pin To Net: NetName=VBUS Pin=C8-2
Added Pin To Net: NetName=VBUS Pin=C9-2
Added Pin To Net: NetName=VBUS Pin=C10-2
Added Pin To Net: NetName=VBUS Pin=CAPSLK-3
Added Pin To Net: NetName=VBUS Pin=CTRL_L-3
Added Pin To Net: NetName=VBUS Pin=D-3
Added Pin To Net: NetName=VBUS Pin=D43-3
Added Pin To Net: NetName=VBUS Pin=D44-3
Added Pin To Net: NetName=VBUS Pin=D45-3
Added Pin To Net: NetName=VBUS Pin=D46-3
Added Pin To Net: NetName=VBUS Pin=D47-3
Added Pin To Net: NetName=VBUS Pin=D48-3
Added Pin To Net: NetName=VBUS Pin=D49-3
Added Pin To Net: NetName=VBUS Pin=D50-3
Added Pin To Net: NetName=VBUS Pin=D51-3
Added Pin To Net: NetName=VBUS Pin=DOWN-3
Added Pin To Net: NetName=VBUS Pin=E-3
Added Pin To Net: NetName=VBUS Pin=ENTER-3
Added Pin To Net: NetName=VBUS Pin=ESC-3
Added Pin To Net: NetName=VBUS Pin=F-3
Added Pin To Net: NetName=VBUS Pin=G-3
Added Pin To Net: NetName=VBUS Pin=H-3
Added Pin To Net: NetName=VBUS Pin=I-3
Added Pin To Net: NetName=VBUS Pin=J-3
Added Pin To Net: NetName=VBUS Pin=K-3
Added Pin To Net: NetName=VBUS Pin=L-3
Added Pin To Net: NetName=VBUS Pin=LIFT-3
Added Pin To Net: NetName=VBUS Pin=M-3
Added Pin To Net: NetName=VBUS Pin=MCU-2
Added Pin To Net: NetName=VBUS Pin=MCU-7
Added Pin To Net: NetName=VBUS Pin=MCU-14
Added Pin To Net: NetName=VBUS Pin=MCU-24
Added Pin To Net: NetName=VBUS Pin=MCU-34
Added Pin To Net: NetName=VBUS Pin=MCU-44
Added Pin To Net: NetName=VBUS Pin=N-3
Added Pin To Net: NetName=VBUS Pin=O-3
Added Pin To Net: NetName=VBUS Pin=P-3
Added Pin To Net: NetName=VBUS Pin=Q-3
Added Pin To Net: NetName=VBUS Pin=R-3
Added Pin To Net: NetName=VBUS Pin=R3-1
Added Pin To Net: NetName=VBUS Pin=R5-2
Added Pin To Net: NetName=VBUS Pin=RIGHT-3
Added Pin To Net: NetName=VBUS Pin=S-3
Added Pin To Net: NetName=VBUS Pin=SHIFT_L-3
Added Pin To Net: NetName=VBUS Pin=SHIFT_R-3
Added Pin To Net: NetName=VBUS Pin=SPACE_L-3
Added Pin To Net: NetName=VBUS Pin=SPACE_R-3
Added Pin To Net: NetName=VBUS Pin=T-3
Added Pin To Net: NetName=VBUS Pin=U-3
Added Pin To Net: NetName=VBUS Pin=U1-3
Added Pin To Net: NetName=VBUS Pin=UP-3
Added Pin To Net: NetName=VBUS Pin=USB1-A4
Added Pin To Net: NetName=VBUS Pin=USB1-A9
Added Pin To Net: NetName=VBUS Pin=USB1-B4
Added Pin To Net: NetName=VBUS Pin=USB1-B9
Added Pin To Net: NetName=VBUS Pin=V-3
Added Pin To Net: NetName=VBUS Pin=W-3
Added Pin To Net: NetName=VBUS Pin=WIN-3
Added Pin To Net: NetName=VBUS Pin=X-3
Added Pin To Net: NetName=VBUS Pin=Y-3
Added Pin To Net: NetName=VBUS Pin=Z-3
Added Pin To Net: NetName=VBUS Pin=|-3
Added Net: Name=VBUS
Added Pin To Net: NetName=VCC3V3 Pin=C11-2
Added Pin To Net: NetName=VCC3V3 Pin=C12-2
Added Pin To Net: NetName=VCC3V3 Pin=Q1-1
Added Pin To Net: NetName=VCC3V3 Pin=R4-2
Added Pin To Net: NetName=VCC3V3 Pin=U1-2
Added Pin To Net: NetName=VCC3V3 Pin=U1-4
Added Net: Name=VCC3V3
Added Pin To Net: NetName=XTAL1 Pin=C1-2
Added Pin To Net: NetName=XTAL1 Pin=MCU-17
Added Pin To Net: NetName=XTAL1 Pin=X?-1
Added Net: Name=XTAL1
Added Pin To Net: NetName=XTAL2 Pin=C2-2
Added Pin To Net: NetName=XTAL2 Pin=MCU-16
Added Pin To Net: NetName=XTAL2 Pin=X?-2
Added Net: Name=XTAL2
Added Class: Name=Sheet1
Added Class: Name=Sheet2
Added Class: Name=Sheet3
Added Room: Name=Sheet1
Added Room: Name=Sheet2
Added Room: Name=Sheet3
